2025-08-22 17:39:30,911 INFO Auto-selected symbols: ['SOLUSDT']
2025-08-22 17:39:32,730 INFO Sent email alert: TradeBot Pro Started
2025-08-22 17:39:32,737 INFO MODE=paper — placing a dry-run test order to verify connectivity...
2025-08-22 17:39:33,011 WARNING BinanceAPIException (attempt 1): APIError(code=-1013): Filter failure: LOT_SIZE
2025-08-22 17:39:33,623 INFO Websocket connected
2025-08-22 17:39:34,880 WARNING BinanceAPIException (attempt 2): APIError(code=-1013): Filter failure: LOT_SIZE
2025-08-22 17:39:38,177 WARNING BinanceAPIException (attempt 3): APIError(code=-1013): Filter failure: LOT_SIZE
2025-08-22 17:39:43,030 WARNING BinanceAPIException (attempt 4): APIError(code=-1013): Filter failure: LOT_SIZE
2025-08-22 17:39:52,013 WARNING BinanceAPIException (attempt 5): APIError(code=-1013): Filter failure: LOT_SIZE
2025-08-22 17:40:08,510 WARNING BinanceAPIException (attempt 6): APIError(code=-1013): Filter failure: LOT_SIZE
2025-08-22 17:40:08,511 ERROR Paper test order failed: APIError(code=-1013): Filter failure: LOT_SIZE
2025-08-22 17:45:33,471 ERROR No valid symbols to trade after validation
2025-08-22 17:45:46,655 ERROR No valid symbols to trade after validation
2025-08-22 17:51:11,898 INFO Auto-selected symbols: ['SOLUSDT']
2025-08-22 17:51:13,694 INFO Sent email alert: TradeBot Pro Started
2025-08-22 18:02:44,470 INFO Auto-selected symbols: ['SOLUSDT']
2025-08-22 18:02:44,485 INFO Initialized WebSocket data for SOLUSDT
2025-08-22 18:02:46,266 INFO Sent email alert: TradeBot Pro Started
2025-08-22 18:02:46,275 INFO Waiting for WebSocket data to populate...
2025-08-22 18:02:51,280 INFO Waiting for WebSocket data to populate...
2025-08-22 18:02:56,288 INFO Waiting for WebSocket data to populate...
2025-08-22 18:03:01,298 INFO Waiting for WebSocket data to populate...
2025-08-22 18:03:06,344 INFO Waiting for WebSocket data to populate...
2025-08-22 18:03:11,407 INFO Waiting for WebSocket data to populate...
2025-08-22 18:03:16,434 INFO Waiting for WebSocket data to populate...
2025-08-22 18:03:21,441 INFO Waiting for WebSocket data to populate...
2025-08-22 18:03:26,443 INFO Waiting for WebSocket data to populate...
2025-08-22 18:03:31,448 INFO Waiting for WebSocket data to populate...
2025-08-22 18:03:36,456 INFO Waiting for WebSocket data to populate...
2025-08-22 18:03:41,463 INFO Waiting for WebSocket data to populate...
2025-08-22 18:03:46,472 WARNING WebSocket data missing for some symbols: ['SOLUSDT']
2025-08-22 18:03:46,473 INFO MODE=paper — placing a dry-run test order to verify connectivity...
2025-08-22 18:03:46,861 WARNING BinanceAPIException (attempt 1): APIError(code=-1013): Filter failure: NOTIONAL
2025-08-22 18:03:48,273 WARNING BinanceAPIException (attempt 2): APIError(code=-1013): Filter failure: NOTIONAL
2025-08-22 18:03:51,492 WARNING BinanceAPIException (attempt 3): APIError(code=-1013): Filter failure: NOTIONAL
2025-08-22 18:03:56,346 WARNING BinanceAPIException (attempt 4): APIError(code=-1013): Filter failure: NOTIONAL
2025-08-22 18:04:04,995 WARNING BinanceAPIException (attempt 5): APIError(code=-1013): Filter failure: NOTIONAL
2025-08-22 18:04:21,920 WARNING BinanceAPIException (attempt 6): APIError(code=-1013): Filter failure: NOTIONAL
2025-08-22 18:04:21,923 ERROR Paper test order failed: APIError(code=-1013): Filter failure: NOTIONAL
2025-08-22 18:04:21,924 WARNING SOLUSDT: no WebSocket data available yet; skipping
2025-08-22 18:05:21,930 WARNING SOLUSDT: no WebSocket data available yet; skipping
2025-08-22 18:06:21,939 WARNING SOLUSDT: no WebSocket data available yet; skipping
2025-08-22 18:07:21,955 WARNING SOLUSDT: no WebSocket data available yet; skipping
2025-08-22 18:07:49,312 INFO Auto-selected symbols: ['SOLUSDT']
2025-08-22 18:07:49,564 INFO Initialized WebSocket data for SOLUSDT
2025-08-22 18:07:51,361 INFO Sent email alert: TradeBot Pro Started
2025-08-22 18:07:51,365 INFO Waiting for WebSocket data to populate...
2025-08-22 18:07:56,368 INFO Waiting for WebSocket data to populate...
2025-08-22 18:08:01,374 INFO Waiting for WebSocket data to populate...
2025-08-22 18:08:06,377 INFO Waiting for WebSocket data to populate...
2025-08-22 18:08:11,382 INFO Waiting for WebSocket data to populate...
2025-08-22 18:08:16,389 INFO Waiting for WebSocket data to populate...
2025-08-22 18:08:21,392 INFO Waiting for WebSocket data to populate...
2025-08-22 18:08:26,394 INFO Waiting for WebSocket data to populate...
2025-08-22 18:08:31,401 INFO Waiting for WebSocket data to populate...
2025-08-22 18:08:36,407 INFO Waiting for WebSocket data to populate...
2025-08-22 18:08:41,418 INFO Waiting for WebSocket data to populate...
2025-08-22 18:08:46,422 INFO Waiting for WebSocket data to populate...
2025-08-22 18:08:51,426 WARNING WebSocket data missing for: ['SOLUSDT']
2025-08-22 18:08:51,428 ERROR No WebSocket data available and force_default=False; exiting
2025-08-22 18:20:27,504 INFO Auto-selected symbols: ['SOLUSDT']
2025-08-22 18:20:27,797 INFO Initialized WebSocket data for SOLUSDT (with history)
2025-08-22 18:20:29,469 INFO Sent email alert: TradeBot Pro Started
2025-08-22 18:20:29,476 INFO MODE=paper — placing a dry-run test order to verify connectivity...
2025-08-22 18:20:29,718 WARNING BinanceAPIException (attempt 1): APIError(code=-1013): Filter failure: NOTIONAL
2025-08-22 18:20:31,429 WARNING BinanceAPIException (attempt 2): APIError(code=-1013): Filter failure: NOTIONAL
2025-08-22 18:20:34,462 WARNING BinanceAPIException (attempt 3): APIError(code=-1013): Filter failure: NOTIONAL
2025-08-22 18:20:39,669 WARNING BinanceAPIException (attempt 4): APIError(code=-1013): Filter failure: NOTIONAL
2025-08-22 18:20:48,260 WARNING BinanceAPIException (attempt 5): APIError(code=-1013): Filter failure: NOTIONAL
2025-08-22 18:21:05,473 WARNING BinanceAPIException (attempt 6): APIError(code=-1013): Filter failure: NOTIONAL
2025-08-22 18:21:05,474 ERROR Paper test order failed: APIError(code=-1013): Filter failure: NOTIONAL
2025-08-22 18:21:05,482 ERROR SOLUSDT: loop error: "None of [Index(['RSI', 'MACD', 'MACD_SIGNAL', 'ATR'], dtype='object')] are in the [columns]"
Traceback (most recent call last):
  File "/Users/KeithNolan/PycharmProjects/CryptoBot/SpiderBot.py", line 675, in run_live_or_paper
    ml.fit(df_ind.iloc[:-1])
  File "/Users/KeithNolan/PycharmProjects/CryptoBot/SpiderBot.py", line 280, in fit
    feats = df[['RSI', 'MACD', 'MACD_SIGNAL', 'ATR']].fillna(0.0).values
            ~~^^^^^^^^^^^^^^^^^^^^^^^^^^^^^^^^^^^^^^^
  File "/Users/KeithNolan/PycharmProjects/CryptoBot/.venv/lib/python3.11/site-packages/pandas/core/frame.py", line 4113, in __getitem__
    indexer = self.columns._get_indexer_strict(key, "columns")[1]
              ^^^^^^^^^^^^^^^^^^^^^^^^^^^^^^^^^^^^^^^^^^^^^^^^
  File "/Users/KeithNolan/PycharmProjects/CryptoBot/.venv/lib/python3.11/site-packages/pandas/core/indexes/base.py", line 6212, in _get_indexer_strict
    self._raise_if_missing(keyarr, indexer, axis_name)
  File "/Users/KeithNolan/PycharmProjects/CryptoBot/.venv/lib/python3.11/site-packages/pandas/core/indexes/base.py", line 6261, in _raise_if_missing
    raise KeyError(f"None of [{key}] are in the [{axis_name}]")
KeyError: "None of [Index(['RSI', 'MACD', 'MACD_SIGNAL', 'ATR'], dtype='object')] are in the [columns]"
2025-08-22 18:21:44,511 ERROR WebSocket error: [Errno 60] Operation timed out
2025-08-22 18:21:44,516 ERROR [Errno 60] Operation timed out - goodbye
2025-08-22 18:22:05,504 ERROR SOLUSDT: loop error: "None of [Index(['RSI', 'MACD', 'MACD_SIGNAL', 'ATR'], dtype='object')] are in the [columns]"
Traceback (most recent call last):
  File "/Users/KeithNolan/PycharmProjects/CryptoBot/SpiderBot.py", line 675, in run_live_or_paper
    ml.fit(df_ind.iloc[:-1])
  File "/Users/KeithNolan/PycharmProjects/CryptoBot/SpiderBot.py", line 280, in fit
    feats = df[['RSI', 'MACD', 'MACD_SIGNAL', 'ATR']].fillna(0.0).values
            ~~^^^^^^^^^^^^^^^^^^^^^^^^^^^^^^^^^^^^^^^
  File "/Users/KeithNolan/PycharmProjects/CryptoBot/.venv/lib/python3.11/site-packages/pandas/core/frame.py", line 4113, in __getitem__
    indexer = self.columns._get_indexer_strict(key, "columns")[1]
              ^^^^^^^^^^^^^^^^^^^^^^^^^^^^^^^^^^^^^^^^^^^^^^^^
  File "/Users/KeithNolan/PycharmProjects/CryptoBot/.venv/lib/python3.11/site-packages/pandas/core/indexes/base.py", line 6212, in _get_indexer_strict
    self._raise_if_missing(keyarr, indexer, axis_name)
  File "/Users/KeithNolan/PycharmProjects/CryptoBot/.venv/lib/python3.11/site-packages/pandas/core/indexes/base.py", line 6261, in _raise_if_missing
    raise KeyError(f"None of [{key}] are in the [{axis_name}]")
KeyError: "None of [Index(['RSI', 'MACD', 'MACD_SIGNAL', 'ATR'], dtype='object')] are in the [columns]"
2025-08-22 18:23:05,550 ERROR SOLUSDT: loop error: "None of [Index(['RSI', 'MACD', 'MACD_SIGNAL', 'ATR'], dtype='object')] are in the [columns]"
Traceback (most recent call last):
  File "/Users/KeithNolan/PycharmProjects/CryptoBot/SpiderBot.py", line 675, in run_live_or_paper
    ml.fit(df_ind.iloc[:-1])
  File "/Users/KeithNolan/PycharmProjects/CryptoBot/SpiderBot.py", line 280, in fit
    feats = df[['RSI', 'MACD', 'MACD_SIGNAL', 'ATR']].fillna(0.0).values
            ~~^^^^^^^^^^^^^^^^^^^^^^^^^^^^^^^^^^^^^^^
  File "/Users/KeithNolan/PycharmProjects/CryptoBot/.venv/lib/python3.11/site-packages/pandas/core/frame.py", line 4113, in __getitem__
    indexer = self.columns._get_indexer_strict(key, "columns")[1]
              ^^^^^^^^^^^^^^^^^^^^^^^^^^^^^^^^^^^^^^^^^^^^^^^^
  File "/Users/KeithNolan/PycharmProjects/CryptoBot/.venv/lib/python3.11/site-packages/pandas/core/indexes/base.py", line 6212, in _get_indexer_strict
    self._raise_if_missing(keyarr, indexer, axis_name)
  File "/Users/KeithNolan/PycharmProjects/CryptoBot/.venv/lib/python3.11/site-packages/pandas/core/indexes/base.py", line 6261, in _raise_if_missing
    raise KeyError(f"None of [{key}] are in the [{axis_name}]")
KeyError: "None of [Index(['RSI', 'MACD', 'MACD_SIGNAL', 'ATR'], dtype='object')] are in the [columns]"
2025-08-22 18:24:05,570 ERROR SOLUSDT: loop error: "None of [Index(['RSI', 'MACD', 'MACD_SIGNAL', 'ATR'], dtype='object')] are in the [columns]"
Traceback (most recent call last):
  File "/Users/KeithNolan/PycharmProjects/CryptoBot/SpiderBot.py", line 675, in run_live_or_paper
    ml.fit(df_ind.iloc[:-1])
  File "/Users/KeithNolan/PycharmProjects/CryptoBot/SpiderBot.py", line 280, in fit
    feats = df[['RSI', 'MACD', 'MACD_SIGNAL', 'ATR']].fillna(0.0).values
            ~~^^^^^^^^^^^^^^^^^^^^^^^^^^^^^^^^^^^^^^^
  File "/Users/KeithNolan/PycharmProjects/CryptoBot/.venv/lib/python3.11/site-packages/pandas/core/frame.py", line 4113, in __getitem__
    indexer = self.columns._get_indexer_strict(key, "columns")[1]
              ^^^^^^^^^^^^^^^^^^^^^^^^^^^^^^^^^^^^^^^^^^^^^^^^
  File "/Users/KeithNolan/PycharmProjects/CryptoBot/.venv/lib/python3.11/site-packages/pandas/core/indexes/base.py", line 6212, in _get_indexer_strict
    self._raise_if_missing(keyarr, indexer, axis_name)
  File "/Users/KeithNolan/PycharmProjects/CryptoBot/.venv/lib/python3.11/site-packages/pandas/core/indexes/base.py", line 6261, in _raise_if_missing
    raise KeyError(f"None of [{key}] are in the [{axis_name}]")
KeyError: "None of [Index(['RSI', 'MACD', 'MACD_SIGNAL', 'ATR'], dtype='object')] are in the [columns]"
2025-08-22 18:48:19,729 INFO Auto-selected symbols: ['SOLUSDT']
2025-08-22 18:48:23,002 INFO Auto-selected symbols: ['SOLUSDT']
2025-08-22 18:48:23,742 INFO Initialized WebSocket data for SOLUSDT (with history)
2025-08-22 18:48:25,421 INFO Sent email alert: TradeBot Pro Started
2025-08-22 18:48:25,675 WARNING BinanceAPIException (attempt 1): APIError(code=-1111): Parameter 'quantity' has too much precision.
2025-08-22 18:48:27,906 WARNING BinanceAPIException (attempt 2): APIError(code=-1111): Parameter 'quantity' has too much precision.
2025-08-22 18:48:30,406 WARNING BinanceAPIException (attempt 3): APIError(code=-1111): Parameter 'quantity' has too much precision.
2025-08-22 18:48:35,608 WARNING BinanceAPIException (attempt 4): APIError(code=-1111): Parameter 'quantity' has too much precision.
2025-08-22 18:48:44,594 WARNING BinanceAPIException (attempt 5): APIError(code=-1111): Parameter 'quantity' has too much precision.
2025-08-22 18:49:01,610 WARNING BinanceAPIException (attempt 6): APIError(code=-1111): Parameter 'quantity' has too much precision.
2025-08-22 18:49:01,611 INFO MODE=paper — placing a dry-run test order to verify connectivity...
2025-08-22 18:49:01,887 WARNING BinanceAPIException (attempt 1): APIError(code=-1013): Filter failure: NOTIONAL
2025-08-22 18:49:03,756 WARNING BinanceAPIException (attempt 2): APIError(code=-1013): Filter failure: NOTIONAL
2025-08-22 18:49:06,039 WARNING BinanceAPIException (attempt 3): APIError(code=-1013): Filter failure: NOTIONAL
2025-08-22 18:49:10,298 WARNING BinanceAPIException (attempt 4): APIError(code=-1013): Filter failure: NOTIONAL
2025-08-22 18:49:18,604 WARNING BinanceAPIException (attempt 5): APIError(code=-1013): Filter failure: NOTIONAL
2025-08-22 18:49:35,797 WARNING BinanceAPIException (attempt 6): APIError(code=-1013): Filter failure: NOTIONAL
2025-08-22 18:49:35,798 ERROR Paper test order failed: APIError(code=-1013): Filter failure: NOTIONAL
2025-08-22 18:49:35,804 ERROR SOLUSDT: loop error: 'ATR'
Traceback (most recent call last):
  File "/Users/KeithNolan/PycharmProjects/CryptoBot/.venv/lib/python3.11/site-packages/pandas/core/indexes/base.py", line 3812, in get_loc
    return self._engine.get_loc(casted_key)
           ^^^^^^^^^^^^^^^^^^^^^^^^^^^^^^^^
  File "pandas/_libs/index.pyx", line 167, in pandas._libs.index.IndexEngine.get_loc
  File "pandas/_libs/index.pyx", line 196, in pandas._libs.index.IndexEngine.get_loc
  File "pandas/_libs/hashtable_class_helper.pxi", line 7088, in pandas._libs.hashtable.PyObjectHashTable.get_item
  File "pandas/_libs/hashtable_class_helper.pxi", line 7096, in pandas._libs.hashtable.PyObjectHashTable.get_item
KeyError: 'ATR'

The above exception was the direct cause of the following exception:

Traceback (most recent call last):
  File "/Users/KeithNolan/PycharmProjects/CryptoBot/SpiderBot.py", line 777, in run_live_or_paper
    atr = float(row['ATR'])
                ~~~^^^^^^^
  File "/Users/KeithNolan/PycharmProjects/CryptoBot/.venv/lib/python3.11/site-packages/pandas/core/series.py", line 1130, in __getitem__
    return self._get_value(key)
           ^^^^^^^^^^^^^^^^^^^^
  File "/Users/KeithNolan/PycharmProjects/CryptoBot/.venv/lib/python3.11/site-packages/pandas/core/series.py", line 1246, in _get_value
    loc = self.index.get_loc(label)
          ^^^^^^^^^^^^^^^^^^^^^^^^^
  File "/Users/KeithNolan/PycharmProjects/CryptoBot/.venv/lib/python3.11/site-packages/pandas/core/indexes/base.py", line 3819, in get_loc
    raise KeyError(key) from err
KeyError: 'ATR'
2025-08-22 18:49:40,455 ERROR WebSocket error: [Errno 60] Operation timed out
2025-08-22 18:49:40,455 ERROR [Errno 60] Operation timed out - goodbye
2025-08-22 18:50:35,816 ERROR SOLUSDT: loop error: 'ATR'
Traceback (most recent call last):
  File "/Users/KeithNolan/PycharmProjects/CryptoBot/.venv/lib/python3.11/site-packages/pandas/core/indexes/base.py", line 3812, in get_loc
    return self._engine.get_loc(casted_key)
           ^^^^^^^^^^^^^^^^^^^^^^^^^^^^^^^^
  File "pandas/_libs/index.pyx", line 167, in pandas._libs.index.IndexEngine.get_loc
  File "pandas/_libs/index.pyx", line 196, in pandas._libs.index.IndexEngine.get_loc
  File "pandas/_libs/hashtable_class_helper.pxi", line 7088, in pandas._libs.hashtable.PyObjectHashTable.get_item
  File "pandas/_libs/hashtable_class_helper.pxi", line 7096, in pandas._libs.hashtable.PyObjectHashTable.get_item
KeyError: 'ATR'

The above exception was the direct cause of the following exception:

Traceback (most recent call last):
  File "/Users/KeithNolan/PycharmProjects/CryptoBot/SpiderBot.py", line 777, in run_live_or_paper
    atr = float(row['ATR'])
                ~~~^^^^^^^
  File "/Users/KeithNolan/PycharmProjects/CryptoBot/.venv/lib/python3.11/site-packages/pandas/core/series.py", line 1130, in __getitem__
    return self._get_value(key)
           ^^^^^^^^^^^^^^^^^^^^
  File "/Users/KeithNolan/PycharmProjects/CryptoBot/.venv/lib/python3.11/site-packages/pandas/core/series.py", line 1246, in _get_value
    loc = self.index.get_loc(label)
          ^^^^^^^^^^^^^^^^^^^^^^^^^
  File "/Users/KeithNolan/PycharmProjects/CryptoBot/.venv/lib/python3.11/site-packages/pandas/core/indexes/base.py", line 3819, in get_loc
    raise KeyError(key) from err
KeyError: 'ATR'
2025-08-22 18:51:35,834 ERROR SOLUSDT: loop error: 'ATR'
Traceback (most recent call last):
  File "/Users/KeithNolan/PycharmProjects/CryptoBot/.venv/lib/python3.11/site-packages/pandas/core/indexes/base.py", line 3812, in get_loc
    return self._engine.get_loc(casted_key)
           ^^^^^^^^^^^^^^^^^^^^^^^^^^^^^^^^
  File "pandas/_libs/index.pyx", line 167, in pandas._libs.index.IndexEngine.get_loc
  File "pandas/_libs/index.pyx", line 196, in pandas._libs.index.IndexEngine.get_loc
  File "pandas/_libs/hashtable_class_helper.pxi", line 7088, in pandas._libs.hashtable.PyObjectHashTable.get_item
  File "pandas/_libs/hashtable_class_helper.pxi", line 7096, in pandas._libs.hashtable.PyObjectHashTable.get_item
KeyError: 'ATR'

The above exception was the direct cause of the following exception:

Traceback (most recent call last):
  File "/Users/KeithNolan/PycharmProjects/CryptoBot/SpiderBot.py", line 777, in run_live_or_paper
    atr = float(row['ATR'])
                ~~~^^^^^^^
  File "/Users/KeithNolan/PycharmProjects/CryptoBot/.venv/lib/python3.11/site-packages/pandas/core/series.py", line 1130, in __getitem__
    return self._get_value(key)
           ^^^^^^^^^^^^^^^^^^^^
  File "/Users/KeithNolan/PycharmProjects/CryptoBot/.venv/lib/python3.11/site-packages/pandas/core/series.py", line 1246, in _get_value
    loc = self.index.get_loc(label)
          ^^^^^^^^^^^^^^^^^^^^^^^^^
  File "/Users/KeithNolan/PycharmProjects/CryptoBot/.venv/lib/python3.11/site-packages/pandas/core/indexes/base.py", line 3819, in get_loc
    raise KeyError(key) from err
KeyError: 'ATR'
2025-08-22 18:52:35,851 ERROR SOLUSDT: loop error: 'ATR'
Traceback (most recent call last):
  File "/Users/KeithNolan/PycharmProjects/CryptoBot/.venv/lib/python3.11/site-packages/pandas/core/indexes/base.py", line 3812, in get_loc
    return self._engine.get_loc(casted_key)
           ^^^^^^^^^^^^^^^^^^^^^^^^^^^^^^^^
  File "pandas/_libs/index.pyx", line 167, in pandas._libs.index.IndexEngine.get_loc
  File "pandas/_libs/index.pyx", line 196, in pandas._libs.index.IndexEngine.get_loc
  File "pandas/_libs/hashtable_class_helper.pxi", line 7088, in pandas._libs.hashtable.PyObjectHashTable.get_item
  File "pandas/_libs/hashtable_class_helper.pxi", line 7096, in pandas._libs.hashtable.PyObjectHashTable.get_item
KeyError: 'ATR'

The above exception was the direct cause of the following exception:

Traceback (most recent call last):
  File "/Users/KeithNolan/PycharmProjects/CryptoBot/SpiderBot.py", line 777, in run_live_or_paper
    atr = float(row['ATR'])
                ~~~^^^^^^^
  File "/Users/KeithNolan/PycharmProjects/CryptoBot/.venv/lib/python3.11/site-packages/pandas/core/series.py", line 1130, in __getitem__
    return self._get_value(key)
           ^^^^^^^^^^^^^^^^^^^^
  File "/Users/KeithNolan/PycharmProjects/CryptoBot/.venv/lib/python3.11/site-packages/pandas/core/series.py", line 1246, in _get_value
    loc = self.index.get_loc(label)
          ^^^^^^^^^^^^^^^^^^^^^^^^^
  File "/Users/KeithNolan/PycharmProjects/CryptoBot/.venv/lib/python3.11/site-packages/pandas/core/indexes/base.py", line 3819, in get_loc
    raise KeyError(key) from err
KeyError: 'ATR'
2025-08-22 18:53:35,874 ERROR SOLUSDT: loop error: 'ATR'
Traceback (most recent call last):
  File "/Users/KeithNolan/PycharmProjects/CryptoBot/.venv/lib/python3.11/site-packages/pandas/core/indexes/base.py", line 3812, in get_loc
    return self._engine.get_loc(casted_key)
           ^^^^^^^^^^^^^^^^^^^^^^^^^^^^^^^^
  File "pandas/_libs/index.pyx", line 167, in pandas._libs.index.IndexEngine.get_loc
  File "pandas/_libs/index.pyx", line 196, in pandas._libs.index.IndexEngine.get_loc
  File "pandas/_libs/hashtable_class_helper.pxi", line 7088, in pandas._libs.hashtable.PyObjectHashTable.get_item
  File "pandas/_libs/hashtable_class_helper.pxi", line 7096, in pandas._libs.hashtable.PyObjectHashTable.get_item
KeyError: 'ATR'

The above exception was the direct cause of the following exception:

Traceback (most recent call last):
  File "/Users/KeithNolan/PycharmProjects/CryptoBot/SpiderBot.py", line 777, in run_live_or_paper
    atr = float(row['ATR'])
                ~~~^^^^^^^
  File "/Users/KeithNolan/PycharmProjects/CryptoBot/.venv/lib/python3.11/site-packages/pandas/core/series.py", line 1130, in __getitem__
    return self._get_value(key)
           ^^^^^^^^^^^^^^^^^^^^
  File "/Users/KeithNolan/PycharmProjects/CryptoBot/.venv/lib/python3.11/site-packages/pandas/core/series.py", line 1246, in _get_value
    loc = self.index.get_loc(label)
          ^^^^^^^^^^^^^^^^^^^^^^^^^
  File "/Users/KeithNolan/PycharmProjects/CryptoBot/.venv/lib/python3.11/site-packages/pandas/core/indexes/base.py", line 3819, in get_loc
    raise KeyError(key) from err
KeyError: 'ATR'
2025-08-22 18:54:35,899 ERROR SOLUSDT: loop error: 'ATR'
Traceback (most recent call last):
  File "/Users/KeithNolan/PycharmProjects/CryptoBot/.venv/lib/python3.11/site-packages/pandas/core/indexes/base.py", line 3812, in get_loc
    return self._engine.get_loc(casted_key)
           ^^^^^^^^^^^^^^^^^^^^^^^^^^^^^^^^
  File "pandas/_libs/index.pyx", line 167, in pandas._libs.index.IndexEngine.get_loc
  File "pandas/_libs/index.pyx", line 196, in pandas._libs.index.IndexEngine.get_loc
  File "pandas/_libs/hashtable_class_helper.pxi", line 7088, in pandas._libs.hashtable.PyObjectHashTable.get_item
  File "pandas/_libs/hashtable_class_helper.pxi", line 7096, in pandas._libs.hashtable.PyObjectHashTable.get_item
KeyError: 'ATR'

The above exception was the direct cause of the following exception:

Traceback (most recent call last):
  File "/Users/KeithNolan/PycharmProjects/CryptoBot/SpiderBot.py", line 777, in run_live_or_paper
    price = float(row['Close'])
                ^^^^^^^^^^
  File "/Users/KeithNolan/PycharmProjects/CryptoBot/.venv/lib/python3.11/site-packages/pandas/core/series.py", line 1130, in __getitem__
    return self._get_value(key)
           ^^^^^^^^^^^^^^^^^^^^
  File "/Users/KeithNolan/PycharmProjects/CryptoBot/.venv/lib/python3.11/site-packages/pandas/core/series.py", line 1246, in _get_value
    loc = self.index.get_loc(label)
          ^^^^^^^^^^^^^^^^^^^^^^^^^
  File "/Users/KeithNolan/PycharmProjects/CryptoBot/.venv/lib/python3.11/site-packages/pandas/core/indexes/base.py", line 3819, in get_loc
    raise KeyError(key) from err
KeyError: 'ATR'
2025-08-22 18:55:22,196 INFO Auto-selected symbols: ['SOLUSDT']
2025-08-22 18:55:24,844 INFO Auto-selected symbols: ['SOLUSDT']
2025-08-22 18:55:25,540 INFO Initialized WebSocket data for SOLUSDT (with history)
2025-08-22 18:55:27,182 INFO Sent email alert: TradeBot Pro Started
2025-08-22 18:55:27,433 WARNING BinanceAPIException (attempt 1): APIError(code=-1111): Parameter 'quantity' has too much precision.
2025-08-22 18:55:29,438 WARNING BinanceAPIException (attempt 2): APIError(code=-1111): Parameter 'quantity' has too much precision.
2025-08-22 18:55:32,290 WARNING BinanceAPIException (attempt 3): APIError(code=-1111): Parameter 'quantity' has too much precision.
2025-08-22 18:55:37,473 WARNING BinanceAPIException (attempt 4): APIError(code=-1111): Parameter 'quantity' has too much precision.
2025-08-22 18:55:46,565 WARNING BinanceAPIException (attempt 5): APIError(code=-1111): Parameter 'quantity' has too much precision.
2025-08-22 18:56:03,372 WARNING BinanceAPIException (attempt 6): APIError(code=-1111): Parameter 'quantity' has too much precision.
2025-08-22 18:56:03,373 INFO MODE=paper — placing a dry-run test order to verify connectivity...
2025-08-22 18:56:03,678 WARNING BinanceAPIException (attempt 1): APIError(code=-1100): Illegal characters found in parameter 'symbol'; legal range is '^[A-Z0-9-_.]{1,20}$'.
2025-08-22 18:56:05,241 WARNING BinanceAPIException (attempt 2): APIError(code=-1100): Illegal characters found in parameter 'symbol'; legal range is '^[A-Z0-9-_.]{1,20}$'.
2025-08-22 18:56:07,918 WARNING BinanceAPIException (attempt 3): APIError(code=-1100): Illegal characters found in parameter 'symbol'; legal range is '^[A-Z0-9-_.]{1,20}$'.
2025-08-22 18:56:12,689 WARNING BinanceAPIException (attempt 4): APIError(code=-1100): Illegal characters found in parameter 'symbol'; legal range is '^[A-Z0-9-_.]{1,20}$'.
2025-08-22 18:56:21,906 WARNING BinanceAPIException (attempt 5): APIError(code=-1100): Illegal characters found in parameter 'symbol'; legal range is '^[A-Z0-9-_.]{1,20}$'.
2025-08-22 18:56:38,398 WARNING BinanceAPIException (attempt 6): APIError(code=-1100): Illegal characters found in parameter 'symbol'; legal range is '^[A-Z0-9-_.]{1,20}$'.
2025-08-22 18:56:38,398 ERROR Paper test order failed: APIError(code=-1100): Illegal characters found in parameter 'symbol'; legal range is '^[A-Z0-9-_.]{1,20}$'.
2025-08-22 18:56:38,402 ERROR SOLUSDT: loop error: 'ATR'
Traceback (most recent call last):
  File "/Users/KeithNolan/PycharmProjects/CryptoBot/.venv/lib/python3.11/site-packages/pandas/core/indexes/base.py", line 3812, in get_loc
    return self._engine.get_loc(casted_key)
           ^^^^^^^^^^^^^^^^^^^^^^^^^^^^^^^^
  File "pandas/_libs/index.pyx", line 167, in pandas._libs.index.IndexEngine.get_loc
  File "pandas/_libs/index.pyx", line 196, in pandas._libs.index.IndexEngine.get_loc
  File "pandas/_libs/hashtable_class_helper.pxi", line 7088, in pandas._libs.hashtable.PyObjectHashTable.get_item
  File "pandas/_libs/hashtable_class_helper.pxi", line 7096, in pandas._libs.hashtable.PyObjectHashTable.get_item
KeyError: 'ATR'

The above exception was the direct cause of the following exception:

Traceback (most recent call last):
  File "/Users/KeithNolan/PycharmProjects/CryptoBot/SpiderBot.py", line 750, in run_live_or_paper
    atr = float(row['ATR'])
                ~~~^^^^^^^
  File "/Users/KeithNolan/PycharmProjects/CryptoBot/.venv/lib/python3.11/site-packages/pandas/core/series.py", line 1130, in __getitem__
    return self._get_value(key)
           ^^^^^^^^^^^^^^^^^^^^
  File "/Users/KeithNolan/PycharmProjects/CryptoBot/.venv/lib/python3.11/site-packages/pandas/core/series.py", line 1246, in _get_value
    loc = self.index.get_loc(label)
          ^^^^^^^^^^^^^^^^^^^^^^^^^
  File "/Users/KeithNolan/PycharmProjects/CryptoBot/.venv/lib/python3.11/site-packages/pandas/core/indexes/base.py", line 3819, in get_loc
    raise KeyError(key) from err
KeyError: 'ATR'
2025-08-22 18:56:42,220 ERROR WebSocket error: [Errno 60] Operation timed out
2025-08-22 18:56:42,221 ERROR [Errno 60] Operation timed out - goodbye
2025-08-22 18:56:56,225 INFO Auto-selected symbols: ['SOLUSDT']
2025-08-22 18:56:59,495 INFO Auto-selected symbols: ['SOLUSDT']
2025-08-22 18:56:59,762 INFO Initialized WebSocket data for SOLUSDT (with history)
2025-08-22 18:57:01,569 INFO Sent email alert: TradeBot Pro Started
2025-08-22 18:57:01,824 WARNING BinanceAPIException (attempt 1): APIError(code=-1111): Parameter 'quantity' has too much precision.
2025-08-22 18:57:03,253 WARNING BinanceAPIException (attempt 2): APIError(code=-1111): Parameter 'quantity' has too much precision.
2025-08-22 18:57:06,099 WARNING BinanceAPIException (attempt 3): APIError(code=-1111): Parameter 'quantity' has too much precision.
2025-08-22 18:57:10,546 WARNING BinanceAPIException (attempt 4): APIError(code=-1111): Parameter 'quantity' has too much precision.
2025-08-22 18:57:19,059 WARNING BinanceAPIException (attempt 5): APIError(code=-1111): Parameter 'quantity' has too much precision.
2025-08-22 18:57:35,968 WARNING BinanceAPIException (attempt 6): APIError(code=-1111): Parameter 'quantity' has too much precision.
2025-08-22 18:57:35,970 INFO MODE=paper — placing a dry-run test order to verify connectivity...
2025-08-22 18:57:36,228 WARNING BinanceAPIException (attempt 1): APIError(code=-1100): Illegal characters found in parameter 'symbol'; legal range is '^[A-Z0-9-_.]{1,20}$'.
2025-08-22 18:57:38,149 WARNING BinanceAPIException (attempt 2): APIError(code=-1100): Illegal characters found in parameter 'symbol'; legal range is '^[A-Z0-9-_.]{1,20}$'.
2025-08-22 18:57:41,046 WARNING BinanceAPIException (attempt 3): APIError(code=-1100): Illegal characters found in parameter 'symbol'; legal range is '^[A-Z0-9-_.]{1,20}$'.
2025-08-22 18:57:46,078 WARNING BinanceAPIException (attempt 4): APIError(code=-1100): Illegal characters found in parameter 'symbol'; legal range is '^[A-Z0-9-_.]{1,20}$'.
2025-08-22 18:57:55,500 WARNING BinanceAPIException (attempt 5): APIError(code=-1100): Illegal characters found in parameter 'symbol'; legal range is '^[A-Z0-9-_.]{1,20}$'.
2025-08-22 18:58:11,992 WARNING BinanceAPIException (attempt 6): APIError(code=-1100): Illegal characters found in parameter 'symbol'; legal range is '^[A-Z0-9-_.]{1,20}$'.
2025-08-22 18:58:11,995 ERROR Paper test order failed: APIError(code=-1100): Illegal characters found in parameter 'symbol'; legal range is '^[A-Z0-9-_.]{1,20}$'.
2025-08-22 18:58:12,003 ERROR SOLUSDT: loop error: 'ATR'
Traceback (most recent call last):
  File "/Users/KeithNolan/PycharmProjects/CryptoBot/.venv/lib/python3.11/site-packages/pandas/core/indexes/base.py", line 3812, in get_loc
    return self._engine.get_loc(casted_key)
           ^^^^^^^^^^^^^^^^^^^^^^^^^^^^^^^^
  File "pandas/_libs/index.pyx", line 167, in pandas._libs.index.IndexEngine.get_loc
  File "pandas/_libs/index.pyx", line 196, in pandas._libs.index.IndexEngine.get_loc
  File "pandas/_libs/hashtable_class_helper.pxi", line 7088, in pandas._libs.hashtable.PyObjectHashTable.get_item
  File "pandas/_libs/hashtable_class_helper.pxi", line 7096, in pandas._libs.hashtable.PyObjectHashTable.get_item
KeyError: 'ATR'

The above exception was the direct cause of the following exception:

Traceback (most recent call last):
  File "/Users/KeithNolan/PycharmProjects/CryptoBot/SpiderBot.py", line 750, in run_live_or_paper
    atr = float(row['ATR'])
                ~~~^^^^^^^
  File "/Users/KeithNolan/PycharmProjects/CryptoBot/.venv/lib/python3.11/site-packages/pandas/core/series.py", line 1130, in __getitem__
    return self._get_value(key)
           ^^^^^^^^^^^^^^^^^^^^
  File "/Users/KeithNolan/PycharmProjects/CryptoBot/.venv/lib/python3.11/site-packages/pandas/core/series.py", line 1246, in _get_value
    loc = self.index.get_loc(label)
          ^^^^^^^^^^^^^^^^^^^^^^^^^
  File "/Users/KeithNolan/PycharmProjects/CryptoBot/.venv/lib/python3.11/site-packages/pandas/core/indexes/base.py", line 3819, in get_loc
    raise KeyError(key) from err
KeyError: 'ATR'
2025-08-22 18:58:16,603 ERROR WebSocket error: [Errno 60] Operation timed out
2025-08-22 18:58:16,606 ERROR [Errno 60] Operation timed out - goodbye
2025-08-22 18:59:12,020 ERROR SOLUSDT: loop error: 'ATR'
Traceback (most recent call last):
  File "/Users/KeithNolan/PycharmProjects/CryptoBot/.venv/lib/python3.11/site-packages/pandas/core/indexes/base.py", line 3812, in get_loc
    return self._engine.get_loc(casted_key)
           ^^^^^^^^^^^^^^^^^^^^^^^^^^^^^^^^
  File "pandas/_libs/index.pyx", line 167, in pandas._libs.index.IndexEngine.get_loc
  File "pandas/_libs/index.pyx", line 196, in pandas._libs.index.IndexEngine.get_loc
  File "pandas/_libs/hashtable_class_helper.pxi", line 7088, in pandas._libs.hashtable.PyObjectHashTable.get_item
  File "pandas/_libs/hashtable_class_helper.pxi", line 7096, in pandas._libs.hashtable.PyObjectHashTable.get_item
KeyError: 'ATR'

The above exception was the direct cause of the following exception:

Traceback (most recent call last):
  File "/Users/KeithNolan/PycharmProjects/CryptoBot/SpiderBot.py", line 750, in run_live_or_paper
    atr = float(row['ATR'])
                ~~~^^^^^^^
  File "/Users/KeithNolan/PycharmProjects/CryptoBot/.venv/lib/python3.11/site-packages/pandas/core/series.py", line 1130, in __getitem__
    return self._get_value(key)
           ^^^^^^^^^^^^^^^^^^^^
  File "/Users/KeithNolan/PycharmProjects/CryptoBot/.venv/lib/python3.11/site-packages/pandas/core/series.py", line 1246, in _get_value
    loc = self.index.get_loc(label)
          ^^^^^^^^^^^^^^^^^^^^^^^^^
  File "/Users/KeithNolan/PycharmProjects/CryptoBot/.venv/lib/python3.11/site-packages/pandas/core/indexes/base.py", line 3819, in get_loc
    raise KeyError(key) from err
KeyError: 'ATR'
2025-08-22 19:00:12,030 ERROR SOLUSDT: loop error: 'ATR'
Traceback (most recent call last):
  File "/Users/KeithNolan/PycharmProjects/CryptoBot/.venv/lib/python3.11/site-packages/pandas/core/indexes/base.py", line 3812, in get_loc
    return self._engine.get_loc(casted_key)
           ^^^^^^^^^^^^^^^^^^^^^^^^^^^^^^^^
  File "pandas/_libs/index.pyx", line 167, in pandas._libs.index.IndexEngine.get_loc
  File "pandas/_libs/index.pyx", line 196, in pandas._libs.index.IndexEngine.get_loc
  File "pandas/_libs/hashtable_class_helper.pxi", line 7088, in pandas._libs.hashtable.PyObjectHashTable.get_item
  File "pandas/_libs/hashtable_class_helper.pxi", line 7096, in pandas._libs.hashtable.PyObjectHashTable.get_item
KeyError: 'ATR'

The above exception was the direct cause of the following exception:

Traceback (most recent call last):
  File "/Users/KeithNolan/PycharmProjects/CryptoBot/SpiderBot.py", line 750, in run_live_or_paper
    atr = float(row['ATR'])
                ~~~^^^^^^^
  File "/Users/KeithNolan/PycharmProjects/CryptoBot/.venv/lib/python3.11/site-packages/pandas/core/series.py", line 1130, in __getitem__
    return self._get_value(key)
           ^^^^^^^^^^^^^^^^^^^^
  File "/Users/KeithNolan/PycharmProjects/CryptoBot/.venv/lib/python3.11/site-packages/pandas/core/series.py", line 1246, in _get_value
    loc = self.index.get_loc(label)
          ^^^^^^^^^^^^^^^^^^^^^^^^^
  File "/Users/KeithNolan/PycharmProjects/CryptoBot/.venv/lib/python3.11/site-packages/pandas/core/indexes/base.py", line 3819, in get_loc
    raise KeyError(key) from err
KeyError: 'ATR'
2025-08-22 19:01:12,046 ERROR SOLUSDT: loop error: 'ATR'
Traceback (most recent call last):
  File "/Users/KeithNolan/PycharmProjects/CryptoBot/.venv/lib/python3.11/site-packages/pandas/core/indexes/base.py", line 3812, in get_loc
    return self._engine.get_loc(casted_key)
           ^^^^^^^^^^^^^^^^^^^^^^^^^^^^^^^^
  File "pandas/_libs/index.pyx", line 167, in pandas._libs.index.IndexEngine.get_loc
  File "pandas/_libs/index.pyx", line 196, in pandas._libs.index.IndexEngine.get_loc
  File "pandas/_libs/hashtable_class_helper.pxi", line 7088, in pandas._libs.hashtable.PyObjectHashTable.get_item
  File "pandas/_libs/hashtable_class_helper.pxi", line 7096, in pandas._libs.hashtable.PyObjectHashTable.get_item
KeyError: 'ATR'

The above exception was the direct cause of the following exception:

Traceback (most recent call last):
  File "/Users/KeithNolan/PycharmProjects/CryptoBot/SpiderBot.py", line 750, in run_live_or_paper
    atr = float(row['ATR'])
                ~~~^^^^^^^
  File "/Users/KeithNolan/PycharmProjects/CryptoBot/.venv/lib/python3.11/site-packages/pandas/core/series.py", line 1130, in __getitem__
    return self._get_value(key)
           ^^^^^^^^^^^^^^^^^^^^
  File "/Users/KeithNolan/PycharmProjects/CryptoBot/.venv/lib/python3.11/site-packages/pandas/core/series.py", line 1246, in _get_value
    loc = self.index.get_loc(label)
          ^^^^^^^^^^^^^^^^^^^^^^^^^
  File "/Users/KeithNolan/PycharmProjects/CryptoBot/.venv/lib/python3.11/site-packages/pandas/core/indexes/base.py", line 3819, in get_loc
    raise KeyError(key) from err
KeyError: 'ATR'
2025-08-22 19:02:12,062 ERROR SOLUSDT: loop error: 'ATR'
Traceback (most recent call last):
  File "/Users/KeithNolan/PycharmProjects/CryptoBot/.venv/lib/python3.11/site-packages/pandas/core/indexes/base.py", line 3812, in get_loc
    return self._engine.get_loc(casted_key)
           ^^^^^^^^^^^^^^^^^^^^^^^^^^^^^^^^
  File "pandas/_libs/index.pyx", line 167, in pandas._libs.index.IndexEngine.get_loc
  File "pandas/_libs/index.pyx", line 196, in pandas._libs.index.IndexEngine.get_loc
  File "pandas/_libs/hashtable_class_helper.pxi", line 7088, in pandas._libs.hashtable.PyObjectHashTable.get_item
  File "pandas/_libs/hashtable_class_helper.pxi", line 7096, in pandas._libs.hashtable.PyObjectHashTable.get_item
KeyError: 'ATR'

The above exception was the direct cause of the following exception:

Traceback (most recent call last):
  File "/Users/KeithNolan/PycharmProjects/CryptoBot/SpiderBot.py", line 750, in run_live_or_paper
    atr = float(row['ATR'])
                ~~~^^^^^^^
  File "/Users/KeithNolan/PycharmProjects/CryptoBot/.venv/lib/python3.11/site-packages/pandas/core/series.py", line 1130, in __getitem__
    return self._get_value(key)
           ^^^^^^^^^^^^^^^^^^^^
  File "/Users/KeithNolan/PycharmProjects/CryptoBot/.venv/lib/python3.11/site-packages/pandas/core/series.py", line 1246, in _get_value
    loc = self.index.get_loc(label)
          ^^^^^^^^^^^^^^^^^^^^^^^^^
  File "/Users/KeithNolan/PycharmProjects/CryptoBot/.venv/lib/python3.11/site-packages/pandas/core/indexes/base.py", line 3819, in get_loc
    raise KeyError(key) from err
KeyError: 'ATR'
2025-08-22 19:03:12,073 ERROR SOLUSDT: loop error: 'ATR'
Traceback (most recent call last):
  File "/Users/KeithNolan/PycharmProjects/CryptoBot/.venv/lib/python3.11/site-packages/pandas/core/indexes/base.py", line 3812, in get_loc
    return self._engine.get_loc(casted_key)
           ^^^^^^^^^^^^^^^^^^^^^^^^^^^^^^^^
  File "pandas/_libs/index.pyx", line 167, in pandas._libs.index.IndexEngine.get_loc
  File "pandas/_libs/index.pyx", line 196, in pandas._libs.index.IndexEngine.get_loc
  File "pandas/_libs/hashtable_class_helper.pxi", line 7088, in pandas._libs.hashtable.PyObjectHashTable.get_item
  File "pandas/_libs/hashtable_class_helper.pxi", line 7096, in pandas._libs.hashtable.PyObjectHashTable.get_item
KeyError: 'ATR'

The above exception was the direct cause of the following exception:

Traceback (most recent call last):
  File "/Users/KeithNolan/PycharmProjects/CryptoBot/SpiderBot.py", line 750, in run_live_or_paper
  File "/Users/KeithNolan/PycharmProjects/CryptoBot/.venv/lib/python3.11/site-packages/pandas/core/series.py", line 1130, in __getitem__
    return self._get_value(key)
           ^^^^^^^^^^^^^^^^^^^^
  File "/Users/KeithNolan/PycharmProjects/CryptoBot/.venv/lib/python3.11/site-packages/pandas/core/series.py", line 1246, in _get_value
    loc = self.index.get_loc(label)
          ^^^^^^^^^^^^^^^^^^^^^^^^^
  File "/Users/KeithNolan/PycharmProjects/CryptoBot/.venv/lib/python3.11/site-packages/pandas/core/indexes/base.py", line 3819, in get_loc
    raise KeyError(key) from err
KeyError: 'ATR'
2025-08-22 19:04:12,086 ERROR SOLUSDT: loop error: 'ATR'
Traceback (most recent call last):
  File "/Users/KeithNolan/PycharmProjects/CryptoBot/.venv/lib/python3.11/site-packages/pandas/core/indexes/base.py", line 3812, in get_loc
    return self._engine.get_loc(casted_key)
           ^^^^^^^^^^^^^^^^^^^^^^^^^^^^^^^^
  File "pandas/_libs/index.pyx", line 167, in pandas._libs.index.IndexEngine.get_loc
  File "pandas/_libs/index.pyx", line 196, in pandas._libs.index.IndexEngine.get_loc
  File "pandas/_libs/hashtable_class_helper.pxi", line 7088, in pandas._libs.hashtable.PyObjectHashTable.get_item
  File "pandas/_libs/hashtable_class_helper.pxi", line 7096, in pandas._libs.hashtable.PyObjectHashTable.get_item
KeyError: 'ATR'

The above exception was the direct cause of the following exception:

Traceback (most recent call last):
  File "/Users/KeithNolan/PycharmProjects/CryptoBot/SpiderBot.py", line 750, in run_live_or_paper
    atr = float(row['ATR'])
                ~~~^^^^^^^
  File "/Users/KeithNolan/PycharmProjects/CryptoBot/.venv/lib/python3.11/site-packages/pandas/core/series.py", line 1130, in __getitem__
    return self._get_value(key)
           ^^^^^^^^^^^^^^^^^^^^
  File "/Users/KeithNolan/PycharmProjects/CryptoBot/.venv/lib/python3.11/site-packages/pandas/core/series.py", line 1246, in _get_value
    loc = self.index.get_loc(label)
          ^^^^^^^^^^^^^^^^^^^^^^^^^
  File "/Users/KeithNolan/PycharmProjects/CryptoBot/.venv/lib/python3.11/site-packages/pandas/core/indexes/base.py", line 3819, in get_loc
    raise KeyError(key) from err
KeyError: 'ATR'
2025-08-22 19:05:05,417 INFO Auto-selected symbols: ['SOLUSDT']
2025-08-22 19:05:09,002 INFO Auto-selected symbols: ['SOLUSDT']
2025-08-22 19:05:09,274 INFO Initialized WebSocket data for SOLUSDT (with history)
2025-08-22 19:05:11,612 INFO Sent email alert: TradeBot Pro Started
2025-08-22 19:05:12,028 WARNING BinanceAPIException (attempt 1): APIError(code=-1111): Parameter 'quantity' has too much precision.
2025-08-22 19:05:14,076 WARNING BinanceAPIException (attempt 2): APIError(code=-1111): Parameter 'quantity' has too much precision.
2025-08-22 19:05:17,048 WARNING BinanceAPIException (attempt 3): APIError(code=-1111): Parameter 'quantity' has too much precision.
2025-08-22 19:05:21,692 WARNING BinanceAPIException (attempt 4): APIError(code=-1111): Parameter 'quantity' has too much precision.
2025-08-22 19:05:30,584 WARNING BinanceAPIException (attempt 5): APIError(code=-1111): Parameter 'quantity' has too much precision.
2025-08-22 19:05:47,320 WARNING BinanceAPIException (attempt 6): APIError(code=-1111): Parameter 'quantity' has too much precision.
2025-08-22 19:05:47,321 INFO MODE=paper — placing a dry-run test order to verify connectivity...
2025-08-22 19:05:47,630 WARNING BinanceAPIException (attempt 1): APIError(code=-1100): Illegal characters found in parameter 'symbol'; legal range is '^[A-Z0-9-_.]{1,20}$'.
2025-08-22 19:05:49,462 WARNING BinanceAPIException (attempt 2): APIError(code=-1100): Illegal characters found in parameter 'symbol'; legal range is '^[A-Z0-9-_.]{1,20}$'.
2025-08-22 19:05:52,582 WARNING BinanceAPIException (attempt 3): APIError(code=-1100): Illegal characters found in parameter 'symbol'; legal range is '^[A-Z0-9-_.]{1,20}$'.
2025-08-22 19:05:57,705 WARNING BinanceAPIException (attempt 4): APIError(code=-1100): Illegal characters found in parameter 'symbol'; legal range is '^[A-Z0-9-_.]{1,20}$'.
2025-08-22 19:06:05,994 WARNING BinanceAPIException (attempt 5): APIError(code=-1100): Illegal characters found in parameter 'symbol'; legal range is '^[A-Z0-9-_.]{1,20}$'.
2025-08-22 19:06:22,697 WARNING BinanceAPIException (attempt 6): APIError(code=-1100): Illegal characters found in parameter 'symbol'; legal range is '^[A-Z0-9-_.]{1,20}$'.
2025-08-22 19:06:22,698 ERROR Paper test order failed: APIError(code=-1100): Illegal characters found in parameter 'symbol'; legal range is '^[A-Z0-9-_.]{1,20}$'.
2025-08-22 19:06:22,700 ERROR SOLUSDT: loop error: 'DataFeed' object is not subscriptable
Traceback (most recent call last):
  File "/Users/KeithNolan/PycharmProjects/CryptoBot/SpiderBot.py", line 745, in run_live_or_paper
    if sym not in data_feed.data or data_feed[sym].empty:
                                    ~~~~~~~~~^^^^^
TypeError: 'DataFeed' object is not subscriptable
2025-08-22 19:06:26,666 ERROR WebSocket error: [Errno 60] Operation timed out
2025-08-22 19:06:26,667 ERROR [Errno 60] Operation timed out - goodbye
2025-08-22 19:07:22,711 ERROR SOLUSDT: loop error: 'DataFeed' object is not subscriptable
Traceback (most recent call last):
  File "/Users/KeithNolan/PycharmProjects/CryptoBot/SpiderBot.py", line 745, in run_live_or_paper
    if sym not in data_feed.data or data_feed[sym].empty:
                                    ~~~~~~~~~^^^^^
TypeError: 'DataFeed' object is not subscriptable
2025-08-22 19:08:22,720 ERROR SOLUSDT: loop error: 'DataFeed' object is not subscriptable
Traceback (most recent call last):
  File "/Users/KeithNolan/PycharmProjects/CryptoBot/SpiderBot.py", line 745, in run_live_or_paper
    if sym not in data_feed.data or data_feed[sym].empty:
                                    ~~~~~~~~~^^^^^
TypeError: 'DataFeed' object is not subscriptable
2025-08-22 19:09:22,732 ERROR SOLUSDT: loop error: 'DataFeed' object is not subscriptable
Traceback (most recent call last):
  File "/Users/KeithNolan/PycharmProjects/CryptoBot/SpiderBot.py", line 745, in run_live_or_paper
    if sym not in data_feed.data or data_feed[sym].empty:
                                    ~~~~~~~~~^^^^^
TypeError: 'DataFeed' object is not subscriptable
2025-08-22 19:10:22,740 ERROR SOLUSDT: loop error: 'DataFeed' object is not subscriptable
Traceback (most recent call last):
  File "/Users/KeithNolan/PycharmProjects/CryptoBot/SpiderBot.py", line 745, in run_live_or_paper
    if sym not in data_feed.data or data_feed[sym].empty:
                                    ~~~~~~~~~^^^^^
TypeError: 'DataFeed' object is not subscriptable
2025-08-22 19:11:22,747 ERROR SOLUSDT: loop error: 'DataFeed' object is not subscriptable
Traceback (most recent call last):
  File "/Users/KeithNolan/PycharmProjects/CryptoBot/SpiderBot.py", line 745, in run_live_or_paper
    if sym not in data_feed.data or data_feed[sym].empty:
                                    ~~~~~~~~~^^^^^
TypeError: 'DataFeed' object is not subscriptable
2025-08-22 19:12:22,759 ERROR SOLUSDT: loop error: 'DataFeed' object is not subscriptable
Traceback (most recent call last):
  File "/Users/KeithNolan/PycharmProjects/CryptoBot/SpiderBot.py", line 745, in run_live_or_paper
    send_alert("Portfolio VaR Limit Hit", f"VaR: {portfolio_risk:.2%}, stopping bot.")
                                        ^^^^^^^^^^^^^^
TypeError: 'DataFeed' object is not subscriptable
2025-08-22 19:13:22,778 ERROR SOLUSDT: loop error: 'DataFeed' object is not subscriptable
Traceback (most recent call last):
  File "/Users/KeithNolan/PycharmProjects/CryptoBot/SpiderBot.py", line 745, in run_live_or_paper
    send_alert("Portfolio VaR Limit Hit", f"VaR: {portfolio_risk:.2%}, stopping bot.")
                                        ^^^^^^^^^^^^^^
TypeError: 'DataFeed' object is not subscriptable
2025-08-22 19:13:43,135 INFO Auto-selected symbols: ['SOLUSDT']
2025-08-22 19:13:46,114 INFO Auto-selected symbols: ['SOLUSDT']
2025-08-22 19:13:46,402 INFO Initialized WebSocket data for SOLUSDT (with history)
2025-08-22 19:13:48,052 INFO Sent email alert: TradeBot Pro Started
2025-08-22 19:13:48,318 WARNING BinanceAPIException (attempt 1): APIError(code=-1111): Parameter 'quantity' has too much precision.
2025-08-22 19:13:49,674 WARNING BinanceAPIException (attempt 2): APIError(code=-1111): Parameter 'quantity' has too much precision.
2025-08-22 19:13:52,704 WARNING BinanceAPIException (attempt 3): APIError(code=-1111): Parameter 'quantity' has too much precision.
2025-08-22 19:13:57,665 WARNING BinanceAPIException (attempt 4): APIError(code=-1111): Parameter 'quantity' has too much precision.
2025-08-22 19:14:06,129 WARNING BinanceAPIException (attempt 5): APIError(code=-1111): Parameter 'quantity' has too much precision.
2025-08-22 19:14:27,960 INFO Auto-selected symbols: ['SOLUSDT']
2025-08-22 19:14:31,749 INFO Auto-selected symbols: ['SOLUSDT']
2025-08-22 19:14:32,019 INFO Initialized WebSocket data for SOLUSDT (with history)
2025-08-22 19:14:33,841 INFO Sent email alert: TradeBot Pro Started
2025-08-22 19:14:34,116 WARNING BinanceAPIException (attempt 1): APIError(code=-1111): Parameter 'quantity' has too much precision.
2025-08-22 19:14:35,610 WARNING BinanceAPIException (attempt 2): APIError(code=-1111): Parameter 'quantity' has too much precision.
2025-08-22 19:14:38,456 WARNING BinanceAPIException (attempt 3): APIError(code=-1111): Parameter 'quantity' has too much precision.
2025-08-22 19:14:43,352 WARNING BinanceAPIException (attempt 4): APIError(code=-1111): Parameter 'quantity' has too much precision.
2025-08-22 19:14:52,500 WARNING BinanceAPIException (attempt 5): APIError(code=-1111): Parameter 'quantity' has too much precision.
2025-08-22 19:15:09,598 WARNING BinanceAPIException (attempt 6): APIError(code=-1111): Parameter 'quantity' has too much precision.
2025-08-22 19:15:09,598 INFO MODE=paper — placing a dry-run test order to verify connectivity...
2025-08-22 19:15:09,601 ERROR Paper test order failed: cannot access local variable 'adj_qty' where it is not associated with a value
2025-08-22 19:15:09,604 ERROR SOLUSDT: loop error: 'DataFeed' object is not subscriptable
Traceback (most recent call last):
  File "/Users/KeithNolan/PycharmProjects/CryptoBot/SpiderBot.py", line 753, in run_live_or_paper
    if sym not in data_feed.data or data_feed[sym].empty:
                                    ~~~~~~~~~^^^^^
TypeError: 'DataFeed' object is not subscriptable
2025-08-22 19:15:48,891 ERROR WebSocket error: [Errno 60] Operation timed out
2025-08-22 19:15:48,893 ERROR [Errno 60] Operation timed out - goodbye
2025-08-22 19:16:09,649 ERROR SOLUSDT: loop error: 'DataFeed' object is not subscriptable
Traceback (most recent call last):
  File "/Users/KeithNolan/PycharmProjects/CryptoBot/SpiderBot.py", line 753, in run_live_or_paper
    atr = float(row['ATR'])
                            
TypeError: 'DataFeed' object is not subscriptable
2025-08-22 19:17:09,667 ERROR SOLUSDT: loop error: 'DataFeed' object is not subscriptable
Traceback (most recent call last):
  File "/Users/KeithNolan/PycharmProjects/CryptoBot/SpiderBot.py", line 753, in run_live_or_paper
    atr = float(row['ATR'])
                            
TypeError: 'DataFeed' object is not subscriptable
2025-08-22 19:17:41,325 INFO Auto-selected symbols: ['SOLUSDT']
2025-08-22 19:17:44,912 INFO Auto-selected symbols: ['SOLUSDT']
2025-08-22 19:17:45,653 INFO Initialized WebSocket data for SOLUSDT (with history)
2025-08-22 19:17:47,412 INFO Sent email alert: TradeBot Pro Started
2025-08-22 19:17:47,783 WARNING BinanceAPIException (attempt 1): APIError(code=-1111): Parameter 'quantity' has too much precision.
2025-08-22 19:17:49,576 WARNING BinanceAPIException (attempt 2): APIError(code=-1111): Parameter 'quantity' has too much precision.
2025-08-22 19:17:52,574 WARNING BinanceAPIException (attempt 3): APIError(code=-1111): Parameter 'quantity' has too much precision.
2025-08-22 19:17:57,196 WARNING BinanceAPIException (attempt 4): APIError(code=-1111): Parameter 'quantity' has too much precision.
2025-08-22 19:18:12,972 INFO Auto-selected symbols: ['SOLUSDT']
2025-08-22 19:18:16,721 INFO Auto-selected symbols: ['SOLUSDT']
2025-08-22 19:18:17,020 INFO Initialized WebSocket data for SOLUSDT (with history)
2025-08-22 19:18:18,658 INFO Sent email alert: TradeBot Pro Started
2025-08-22 19:18:18,908 WARNING BinanceAPIException (attempt 1): APIError(code=-1111): Parameter 'quantity' has too much precision.
2025-08-22 19:18:20,444 WARNING BinanceAPIException (attempt 2): APIError(code=-1111): Parameter 'quantity' has too much precision.
2025-08-22 19:18:23,453 WARNING BinanceAPIException (attempt 3): APIError(code=-1111): Parameter 'quantity' has too much precision.
2025-08-22 19:18:28,270 WARNING BinanceAPIException (attempt 4): APIError(code=-1111): Parameter 'quantity' has too much precision.
2025-08-22 19:18:36,907 WARNING BinanceAPIException (attempt 5): APIError(code=-1111): Parameter 'quantity' has too much precision.
2025-08-22 19:18:51,398 INFO Auto-selected symbols: ['SOLUSDT']
2025-08-22 19:18:54,747 INFO Auto-selected symbols: ['SOLUSDT']
2025-08-22 19:18:55,036 INFO Initialized WebSocket data for SOLUSDT (with history)
2025-08-22 19:18:56,727 INFO Sent email alert: TradeBot Pro Started
2025-08-22 19:18:56,989 WARNING BinanceAPIException (attempt 1): APIError(code=-1111): Parameter 'quantity' has too much precision.
2025-08-22 19:18:58,740 WARNING BinanceAPIException (attempt 2): APIError(code=-1111): Parameter 'quantity' has too much precision.
2025-08-22 19:19:02,147 WARNING BinanceAPIException (attempt 3): APIError(code=-1111): Parameter 'quantity' has too much precision.
2025-08-22 19:19:06,782 WARNING BinanceAPIException (attempt 4): APIError(code=-1111): Parameter 'quantity' has too much precision.
2025-08-22 19:19:15,279 WARNING BinanceAPIException (attempt 5): APIError(code=-1111): Parameter 'quantity' has too much precision.
2025-08-22 19:19:31,826 WARNING BinanceAPIException (attempt 6): APIError(code=-1111): Parameter 'quantity' has too much precision.
2025-08-22 19:19:31,827 INFO MODE=paper — placing a dry-run test order to verify connectivity...
2025-08-22 19:19:32,082 WARNING BinanceAPIException (attempt 1): APIError(code=-1100): Illegal characters found in parameter 'symbol'; legal range is '^[A-Z0-9-_.]{1,20}$'.
2025-08-22 19:19:33,867 WARNING BinanceAPIException (attempt 2): APIError(code=-1100): Illegal characters found in parameter 'symbol'; legal range is '^[A-Z0-9-_.]{1,20}$'.
2025-08-22 19:19:37,037 WARNING BinanceAPIException (attempt 3): APIError(code=-1100): Illegal characters found in parameter 'symbol'; legal range is '^[A-Z0-9-_.]{1,20}$'.
2025-08-22 19:19:41,995 WARNING BinanceAPIException (attempt 4): APIError(code=-1100): Illegal characters found in parameter 'symbol'; legal range is '^[A-Z0-9-_.]{1,20}$'.
2025-08-22 19:19:51,272 WARNING BinanceAPIException (attempt 5): APIError(code=-1100): Illegal characters found in parameter 'symbol'; legal range is '^[A-Z0-9-_.]{1,20}$'.
2025-08-22 19:20:07,617 WARNING BinanceAPIException (attempt 6): APIError(code=-1100): Illegal characters found in parameter 'symbol'; legal range is '^[A-Z0-9-_.]{1,20}$'.
2025-08-22 19:20:07,617 ERROR Paper test order failed: APIError(code=-1100): Illegal characters found in parameter 'symbol'; legal range is '^[A-Z0-9-_.]{1,20}$'.
2025-08-22 19:20:07,625 ERROR SOLUSDT: loop error: 'DataFeed' object is not subscriptable
Traceback (most recent call last):
  File "/Users/KeithNolan/PycharmProjects/CryptoBot/SpiderBot.py", line 745, in run_live_or_paper
    if sym not in data_feed.data or data_feed[sym].empty:
                                    ~~~~~~~~~^^^^^
TypeError: 'DataFeed' object is not subscriptable
2025-08-22 19:20:11,738 ERROR WebSocket error: [Errno 60] Operation timed out
2025-08-22 19:20:11,738 ERROR [Errno 60] Operation timed out - goodbye
2025-08-22 19:21:07,646 ERROR SOLUSDT: loop error: 'DataFeed' object is not subscriptable
Traceback (most recent call last):
  File "/Users/KeithNolan/PycharmProjects/CryptoBot/SpiderBot.py", line 745, in run_live_or_paper
    if sym not in data_feed.data or data_feed[sym].empty:
                                    ~~~~~~~~~^^^^^
TypeError: 'DataFeed' object is not subscriptable
2025-08-22 19:22:07,659 ERROR SOLUSDT: loop error: 'DataFeed' object is not subscriptable
Traceback (most recent call last):
  File "/Users/KeithNolan/PycharmProjects/CryptoBot/SpiderBot.py", line 745, in run_live_or_paper
    if sym not in data_feed.data or data_feed[sym].empty:
                                    ~~~~~~~~~^^^^^
TypeError: 'DataFeed' object is not subscriptable
2025-08-22 19:23:07,674 ERROR SOLUSDT: loop error: 'DataFeed' object is not subscriptable
Traceback (most recent call last):
  File "/Users/KeithNolan/PycharmProjects/CryptoBot/SpiderBot.py", line 745, in run_live_or_paper
    if sym not in data_feed.data or data_feed[sym].empty:
                                    ~~~~~~~~~^^^^^
TypeError: 'DataFeed' object is not subscriptable
2025-08-22 19:24:07,692 ERROR SOLUSDT: loop error: 'DataFeed' object is not subscriptable
Traceback (most recent call last):
  File "/Users/KeithNolan/PycharmProjects/CryptoBot/SpiderBot.py", line 745, in run_live_or_paper
    if sym not in data_feed.data or data_feed[sym].empty:
                                    ~~~~~~~~~^^^^^
TypeError: 'DataFeed' object is not subscriptable
2025-08-22 19:25:07,703 ERROR SOLUSDT: loop error: 'DataFeed' object is not subscriptable
Traceback (most recent call last):
  File "/Users/KeithNolan/PycharmProjects/CryptoBot/SpiderBot.py", line 745, in run_live_or_paper
    if sym not in data_feed.data or data_feed[sym].empty:
                                    ~~~~~~~~~^^^^^
TypeError: 'DataFeed' object is not subscriptable
2025-08-22 19:26:07,713 ERROR SOLUSDT: loop error: 'DataFeed' object is not subscriptable
Traceback (most recent call last):
  File "/Users/KeithNolan/PycharmProjects/CryptoBot/SpiderBot.py", line 745, in run_live_or_paper
    if sym not in data_feed.data or data_feed[sym].empty:
                                    ~~~~~~~~~^^^^^
TypeError: 'DataFeed' object is not subscriptable
2025-08-22 19:27:07,731 ERROR SOLUSDT: loop error: 'DataFeed' object is not subscriptable
Traceback (most recent call last):
  File "/Users/KeithNolan/PycharmProjects/CryptoBot/SpiderBot.py", line 745, in run_live_or_paper
    if sym not in data_feed.data or data_feed[sym].empty:
                                    ~~~~~~~~~^^^^^
TypeError: 'DataFeed' object is not subscriptable
2025-08-22 19:28:07,752 ERROR SOLUSDT: loop error: 'DataFeed' object is not subscriptable
Traceback (most recent call last):
  File "/Users/KeithNolan/PycharmProjects/CryptoBot/SpiderBot.py", line 745, in run_live_or_paper
    if sym not in data_feed.data or data_feed[sym].empty:
                                    ~~~~~~~~~^^^^^
TypeError: 'DataFeed' object is not subscriptable
2025-08-22 19:29:07,774 ERROR SOLUSDT: loop error: 'DataFeed' object is not subscriptable
Traceback (most recent call last):
  File "/Users/KeithNolan/PycharmProjects/CryptoBot/SpiderBot.py", line 745, in run_live_or_paper
    if sym not in data_feed.data or data_feed[sym].empty:
                                    ~~~~~~~~~^^^^^
TypeError: 'DataFeed' object is not subscriptable
2025-08-22 19:30:07,801 ERROR SOLUSDT: loop error: 'DataFeed' object is not subscriptable
Traceback (most recent call last):
  File "/Users/KeithNolan/PycharmProjects/CryptoBot/SpiderBot.py", line 745, in run_live_or_paper
    if sym not in data_feed.data or data_feed[sym].empty:
                                    ~~~~~~~~~^^^^^
TypeError: 'DataFeed' object is not subscriptable
2025-08-22 19:31:39,900 ERROR No valid symbols to trade: []
2025-08-22 19:33:49,893 INFO Auto-selected symbols: ['SOLUSDT']
2025-08-22 19:33:52,917 INFO Auto-selected symbols: ['SOLUSDT']
2025-08-22 19:33:53,222 INFO Initialized WebSocket data for SOLUSDT (with history)
2025-08-22 19:33:54,856 INFO Sent email alert: TradeBot Pro Started
2025-08-22 19:33:55,159 WARNING BinanceAPIException (attempt 1): APIError(code=-1111): Parameter 'quantity' has too much precision.
2025-08-22 19:33:56,533 WARNING BinanceAPIException (attempt 2): APIError(code=-1111): Parameter 'quantity' has too much precision.
2025-08-22 19:33:59,689 WARNING BinanceAPIException (attempt 3): APIError(code=-1111): Parameter 'quantity' has too much precision.
2025-08-22 19:37:18,406 INFO Auto-selected symbols: ['SOLUSDT']
2025-08-22 19:37:21,890 INFO Auto-selected symbols: ['SOLUSDT']
2025-08-22 19:37:22,197 INFO Initialized WebSocket data for SOLUSDT (with history)
2025-08-22 19:37:23,862 INFO Sent email alert: TradeBot Pro Started
2025-08-22 19:37:24,160 WARNING BinanceAPIException (attempt 1): APIError(code=-1111): Parameter 'quantity' has too much precision.
2025-08-22 19:37:26,161 WARNING BinanceAPIException (attempt 2): APIError(code=-1111): Parameter 'quantity' has too much precision.
2025-08-22 19:37:29,055 WARNING BinanceAPIException (attempt 3): APIError(code=-1111): Parameter 'quantity' has too much precision.
2025-08-22 19:37:34,057 WARNING BinanceAPIException (attempt 4): APIError(code=-1111): Parameter 'quantity' has too much precision.
2025-08-22 19:37:45,658 INFO Auto-selected symbols: ['SOLUSDT']
2025-08-22 19:37:49,209 INFO Auto-selected symbols: ['SOLUSDT']
2025-08-22 19:37:49,472 INFO Initialized WebSocket data for SOLUSDT (with history)
2025-08-22 19:37:51,103 INFO Sent email alert: TradeBot Pro Started
2025-08-22 19:37:51,425 WARNING BinanceAPIException (attempt 1): APIError(code=-1111): Parameter 'quantity' has too much precision.
2025-08-22 19:37:52,943 WARNING BinanceAPIException (attempt 2): APIError(code=-1111): Parameter 'quantity' has too much precision.
2025-08-22 19:37:55,951 WARNING BinanceAPIException (attempt 3): APIError(code=-1111): Parameter 'quantity' has too much precision.
2025-08-22 19:40:07,617 DEBUG Using selector: KqueueSelector
2025-08-22 19:40:07,662 DEBUG Starting new HTTPS connection (1): testnet.binance.vision:443
2025-08-22 19:40:07,967 DEBUG https://testnet.binance.vision:443 "GET /api/v3/ping HTTP/1.1" 200 2
2025-08-22 19:40:08,258 DEBUG https://testnet.binance.vision:443 "GET /api/v3/ticker/24hr HTTP/1.1" 200 145905
2025-08-22 19:40:08,988 DEBUG https://testnet.binance.vision:443 "GET /api/v3/exchangeInfo HTTP/1.1" 200 54477
2025-08-22 19:40:09,512 DEBUG https://testnet.binance.vision:443 "GET /api/v3/klines?interval=1m&limit=1&symbol=BTCUSDT HTTP/1.1" 200 166
2025-08-22 19:40:09,843 DEBUG https://testnet.binance.vision:443 "GET /api/v3/exchangeInfo HTTP/1.1" 200 54477
2025-08-22 19:40:10,268 DEBUG https://testnet.binance.vision:443 "GET /api/v3/klines?interval=1m&limit=1&symbol=SOLUSDT HTTP/1.1" 200 153
2025-08-22 19:40:10,274 INFO Auto-selected symbols: ['SOLUSDT']
2025-08-22 19:40:10,975 DEBUG https://testnet.binance.vision:443 "GET /api/v3/klines?interval=5m&limit=1&symbol=SOLUSDT HTTP/1.1" 200 153
2025-08-22 19:40:11,442 DEBUG https://testnet.binance.vision:443 "GET /api/v3/klines?interval=5m&limit=500&symbol=SOLUSDT HTTP/1.1" 200 22075
2025-08-22 19:40:11,696 DEBUG https://testnet.binance.vision:443 "GET /api/v3/klines?interval=5m&limit=1&symbol=SOLUSDT HTTP/1.1" 200 153
2025-08-22 19:40:12,388 DEBUG https://testnet.binance.vision:443 "GET /api/v3/ticker/24hr HTTP/1.1" 200 145984
2025-08-22 19:40:13,324 DEBUG https://testnet.binance.vision:443 "GET /api/v3/klines?interval=1m&limit=1&symbol=BTCUSDT HTTP/1.1" 200 166
2025-08-22 19:40:13,992 DEBUG https://testnet.binance.vision:443 "GET /api/v3/klines?interval=1m&limit=1&symbol=SOLUSDT HTTP/1.1" 200 153
2025-08-22 19:40:13,994 INFO Auto-selected symbols: ['SOLUSDT']
2025-08-22 19:40:14,265 DEBUG https://testnet.binance.vision:443 "GET /api/v3/klines?endTime=1755884413994&interval=5m&limit=1000&startTime=1755798013994&symbol=SOLUSDT HTTP/1.1" 200 12722
2025-08-22 19:40:14,282 INFO Initialized WebSocket data for SOLUSDT (with history)
2025-08-22 19:40:14,528 DEBUG https://testnet.binance.vision:443 "GET /api/v3/account?recvWindow=10000&timestamp=1755888014282&signature=3190eb6bf5bae1103646a0386ad2757fbca482e5a2c06aebc658f2cb829121c6 HTTP/1.1" 200 3120
2025-08-22 19:40:15,835 INFO Sent email alert: TradeBot Pro Started
2025-08-22 19:40:16,088 DEBUG https://testnet.binance.vision:443 "POST /api/v3/order/test HTTP/1.1" 400 67
2025-08-22 19:40:16,089 WARNING BinanceAPIException (attempt 1): APIError(code=-1111): Parameter 'quantity' has too much precision.
2025-08-22 19:40:17,802 DEBUG https://testnet.binance.vision:443 "POST /api/v3/order/test HTTP/1.1" 400 67
2025-08-22 19:40:17,804 WARNING BinanceAPIException (attempt 2): APIError(code=-1111): Parameter 'quantity' has too much precision.
2025-08-22 19:40:20,844 DEBUG https://testnet.binance.vision:443 "POST /api/v3/order/test HTTP/1.1" 400 67
2025-08-22 19:40:20,845 WARNING BinanceAPIException (attempt 3): APIError(code=-1111): Parameter 'quantity' has too much precision.
2025-08-22 19:40:25,919 DEBUG https://testnet.binance.vision:443 "POST /api/v3/order/test HTTP/1.1" 400 67
2025-08-22 19:40:25,921 WARNING BinanceAPIException (attempt 4): APIError(code=-1111): Parameter 'quantity' has too much precision.
2025-08-22 19:40:35,176 DEBUG https://testnet.binance.vision:443 "POST /api/v3/order/test HTTP/1.1" 400 67
2025-08-22 19:40:35,181 WARNING BinanceAPIException (attempt 5): APIError(code=-1111): Parameter 'quantity' has too much precision.
2025-08-22 19:40:52,237 DEBUG https://testnet.binance.vision:443 "POST /api/v3/order/test HTTP/1.1" 400 67
2025-08-22 19:40:52,242 WARNING BinanceAPIException (attempt 6): APIError(code=-1111): Parameter 'quantity' has too much precision.
2025-08-22 19:40:52,242 INFO MODE=paper — placing a dry-run test order to verify connectivity...
2025-08-22 19:40:52,244 ERROR Paper test order failed: cannot access local variable 'side' where it is not associated with a value
2025-08-22 19:40:52,247 ERROR SOLUSDT: loop error: 'DataFeed' object is not subscriptable
Traceback (most recent call last):
  File "/Users/KeithNolan/PycharmProjects/CryptoBot/SpiderBot.py", line 746, in run_live_or_paper
    if sym not in data_feed.data or data_feed[sym].empty:
                                    ~~~~~~~~~^^^^^
TypeError: 'DataFeed' object is not subscriptable
2025-08-22 19:41:30,895 ERROR WebSocket error: [Errno 60] Operation timed out
2025-08-22 19:41:30,897 ERROR [Errno 60] Operation timed out - goodbye
2025-08-22 19:41:52,271 ERROR SOLUSDT: loop error: 'DataFeed' object is not subscriptable
Traceback (most recent call last):
  File "/Users/KeithNolan/PycharmProjects/CryptoBot/SpiderBot.py", line 746, in run_live_or_paper
    if sym not in data_feed.data or data_feed[sym].empty:
                                    ~~~~~~~~~^^^^^
TypeError: 'DataFeed' object is not subscriptable
2025-08-22 19:42:52,295 ERROR SOLUSDT: loop error: 'DataFeed' object is not subscriptable
Traceback (most recent call last):
  File "/Users/KeithNolan/PycharmProjects/CryptoBot/SpiderBot.py", line 746, in run_live_or_paper
    break
          
TypeError: 'DataFeed' object is not subscriptable
2025-08-22 19:43:52,308 ERROR SOLUSDT: loop error: 'DataFeed' object is not subscriptable
Traceback (most recent call last):
  File "/Users/KeithNolan/PycharmProjects/CryptoBot/SpiderBot.py", line 746, in run_live_or_paper
    now = datetime.now(timezone.utc)
                                     
TypeError: 'DataFeed' object is not subscriptable
2025-08-22 19:44:52,322 ERROR SOLUSDT: loop error: 'DataFeed' object is not subscriptable
Traceback (most recent call last):
  File "/Users/KeithNolan/PycharmProjects/CryptoBot/SpiderBot.py", line 746, in run_live_or_paper
    now = datetime.now(timezone.utc)
                                     
TypeError: 'DataFeed' object is not subscriptable
2025-08-22 19:45:52,338 ERROR SOLUSDT: loop error: 'DataFeed' object is not subscriptable
Traceback (most recent call last):
  File "/Users/KeithNolan/PycharmProjects/CryptoBot/SpiderBot.py", line 746, in run_live_or_paper
    now = datetime.now(timezone.utc)
                                     
TypeError: 'DataFeed' object is not subscriptable
2025-08-22 19:46:52,359 ERROR SOLUSDT: loop error: 'DataFeed' object is not subscriptable
Traceback (most recent call last):
  File "/Users/KeithNolan/PycharmProjects/CryptoBot/SpiderBot.py", line 746, in run_live_or_paper
    now = datetime.now(timezone.utc)
                                     
TypeError: 'DataFeed' object is not subscriptable
2025-08-22 19:47:52,373 ERROR SOLUSDT: loop error: 'DataFeed' object is not subscriptable
Traceback (most recent call last):
  File "/Users/KeithNolan/PycharmProjects/CryptoBot/SpiderBot.py", line 746, in run_live_or_paper
    now = datetime.now(timezone.utc)
                                     
TypeError: 'DataFeed' object is not subscriptable
2025-08-22 19:48:52,384 ERROR SOLUSDT: loop error: 'DataFeed' object is not subscriptable
Traceback (most recent call last):
  File "/Users/KeithNolan/PycharmProjects/CryptoBot/SpiderBot.py", line 746, in run_live_or_paper
    now = datetime.now(timezone.utc)
                                     
TypeError: 'DataFeed' object is not subscriptable
2025-08-22 19:49:52,416 ERROR SOLUSDT: loop error: 'DataFeed' object is not subscriptable
Traceback (most recent call last):
  File "/Users/KeithNolan/PycharmProjects/CryptoBot/SpiderBot.py", line 746, in run_live_or_paper
    now = datetime.now(timezone.utc)
                                     
TypeError: 'DataFeed' object is not subscriptable
2025-08-22 19:50:52,426 ERROR SOLUSDT: loop error: 'DataFeed' object is not subscriptable
Traceback (most recent call last):
  File "/Users/KeithNolan/PycharmProjects/CryptoBot/SpiderBot.py", line 746, in run_live_or_paper
TypeError: 'DataFeed' object is not subscriptable
2025-08-22 19:51:52,438 ERROR SOLUSDT: loop error: 'DataFeed' object is not subscriptable
Traceback (most recent call last):
  File "/Users/KeithNolan/PycharmProjects/CryptoBot/SpiderBot.py", line 746, in run_live_or_paper
TypeError: 'DataFeed' object is not subscriptable
2025-08-22 19:52:14,101 DEBUG Using selector: KqueueSelector
2025-08-22 19:52:14,204 DEBUG Starting new HTTPS connection (1): testnet.binance.vision:443
2025-08-22 19:52:14,556 DEBUG https://testnet.binance.vision:443 "GET /api/v3/ping HTTP/1.1" 200 2
2025-08-22 19:52:14,842 DEBUG https://testnet.binance.vision:443 "GET /api/v3/ticker/24hr HTTP/1.1" 200 145491
2025-08-22 19:52:15,554 DEBUG https://testnet.binance.vision:443 "GET /api/v3/exchangeInfo HTTP/1.1" 200 54477
2025-08-22 19:52:16,075 DEBUG https://testnet.binance.vision:443 "GET /api/v3/klines?interval=1m&limit=1&symbol=BTCUSDT HTTP/1.1" 200 168
2025-08-22 19:52:16,335 DEBUG https://testnet.binance.vision:443 "GET /api/v3/exchangeInfo HTTP/1.1" 200 54477
2025-08-22 19:52:16,903 DEBUG https://testnet.binance.vision:443 "GET /api/v3/klines?interval=1m&limit=1&symbol=SOLUSDT HTTP/1.1" 200 151
2025-08-22 19:52:16,909 INFO Auto-selected symbols: ['SOLUSDT']
2025-08-22 19:52:17,160 DEBUG https://testnet.binance.vision:443 "GET /api/v3/klines?interval=5m&limit=1&symbol=SOLUSDT HTTP/1.1" 200 159
2025-08-22 19:52:17,526 DEBUG https://testnet.binance.vision:443 "GET /api/v3/klines?interval=5m&limit=500&symbol=SOLUSDT HTTP/1.1" 200 22080
2025-08-22 19:52:18,196 DEBUG https://testnet.binance.vision:443 "GET /api/v3/klines?interval=5m&limit=1&symbol=SOLUSDT HTTP/1.1" 200 159
2025-08-22 19:52:18,665 DEBUG https://testnet.binance.vision:443 "GET /api/v3/ticker/24hr HTTP/1.1" 200 145468
2025-08-22 19:52:19,344 DEBUG https://testnet.binance.vision:443 "GET /api/v3/klines?interval=1m&limit=1&symbol=BTCUSDT HTTP/1.1" 200 168
2025-08-22 19:52:20,007 DEBUG https://testnet.binance.vision:443 "GET /api/v3/klines?interval=1m&limit=1&symbol=SOLUSDT HTTP/1.1" 200 151
2025-08-22 19:52:20,008 INFO Auto-selected symbols: ['SOLUSDT']
2025-08-22 19:52:20,386 DEBUG https://testnet.binance.vision:443 "GET /api/v3/klines?endTime=1755885140009&interval=5m&limit=1000&startTime=1755798740009&symbol=SOLUSDT HTTP/1.1" 200 12726
2025-08-22 19:52:20,404 INFO Initialized WebSocket data for SOLUSDT (with history)
2025-08-22 19:52:20,655 DEBUG https://testnet.binance.vision:443 "GET /api/v3/account?recvWindow=10000&timestamp=1755888740405&signature=ac5eaf6d8dd86e3a05028eb6f01375d00121303e5acf29087d170983905de60b HTTP/1.1" 200 3120
2025-08-22 19:52:21,955 INFO Sent email alert: TradeBot Pro Started
2025-08-22 19:52:22,214 DEBUG https://testnet.binance.vision:443 "POST /api/v3/order/test HTTP/1.1" 400 67
2025-08-22 19:52:22,214 WARNING BinanceAPIException (attempt 1): APIError(code=-1111): Parameter 'quantity' has too much precision.
2025-08-22 19:52:23,732 DEBUG https://testnet.binance.vision:443 "POST /api/v3/order/test HTTP/1.1" 400 67
2025-08-22 19:52:23,732 WARNING BinanceAPIException (attempt 2): APIError(code=-1111): Parameter 'quantity' has too much precision.
2025-08-22 19:52:26,633 DEBUG https://testnet.binance.vision:443 "POST /api/v3/order/test HTTP/1.1" 400 67
2025-08-22 19:52:26,636 WARNING BinanceAPIException (attempt 3): APIError(code=-1111): Parameter 'quantity' has too much precision.
2025-08-22 19:52:31,763 DEBUG https://testnet.binance.vision:443 "POST /api/v3/order/test HTTP/1.1" 400 67
2025-08-22 19:52:31,769 WARNING BinanceAPIException (attempt 4): APIError(code=-1111): Parameter 'quantity' has too much precision.
2025-08-22 19:52:40,705 DEBUG https://testnet.binance.vision:443 "POST /api/v3/order/test HTTP/1.1" 400 67
2025-08-22 19:52:40,708 WARNING BinanceAPIException (attempt 5): APIError(code=-1111): Parameter 'quantity' has too much precision.
2025-08-22 19:52:57,810 DEBUG https://testnet.binance.vision:443 "POST /api/v3/order/test HTTP/1.1" 400 67
2025-08-22 19:52:57,812 WARNING BinanceAPIException (attempt 6): APIError(code=-1111): Parameter 'quantity' has too much precision.
2025-08-22 19:52:57,812 INFO MODE=paper — placing a dry-run test order to verify connectivity...
2025-08-22 19:52:57,814 ERROR Paper test order failed: unhashable type: 'list'
2025-08-22 19:52:57,821 ERROR SOLUSDT: loop error: 'DataFeed' object is not subscriptable
Traceback (most recent call last):
  File "/Users/KeithNolan/PycharmProjects/CryptoBot/SpiderBot.py", line 767, in run_live_or_paper
    if sym not in data_feed.data or data_feed[sym].empty:
                                    ~~~~~~~~~^^^^^
TypeError: 'DataFeed' object is not subscriptable
2025-08-22 19:53:37,011 ERROR WebSocket error: [Errno 60] Operation timed out
2025-08-22 19:53:37,013 ERROR [Errno 60] Operation timed out - goodbye
2025-08-22 19:53:57,852 ERROR SOLUSDT: loop error: 'DataFeed' object is not subscriptable
Traceback (most recent call last):
  File "/Users/KeithNolan/PycharmProjects/CryptoBot/SpiderBot.py", line 767, in run_live_or_paper
    if sym not in data_feed.data or data_feed[sym].empty:
                                    ~~~~~~~~~^^^^^
TypeError: 'DataFeed' object is not subscriptable
2025-08-22 19:54:57,874 ERROR SOLUSDT: loop error: 'DataFeed' object is not subscriptable
Traceback (most recent call last):
  File "/Users/KeithNolan/PycharmProjects/CryptoBot/SpiderBot.py", line 767, in run_live_or_paper
    if sym not in data_feed.data or data_feed[sym].empty:
                                    ~~~~~~~~~^^^^^
TypeError: 'DataFeed' object is not subscriptable
2025-08-22 19:55:57,899 ERROR SOLUSDT: loop error: 'DataFeed' object is not subscriptable
Traceback (most recent call last):
  File "/Users/KeithNolan/PycharmProjects/CryptoBot/SpiderBot.py", line 767, in run_live_or_paper
    if sym not in data_feed.data or data_feed[sym].empty:
                                    ~~~~~~~~~^^^^^
TypeError: 'DataFeed' object is not subscriptable
2025-08-22 19:56:57,910 ERROR SOLUSDT: loop error: 'DataFeed' object is not subscriptable
Traceback (most recent call last):
  File "/Users/KeithNolan/PycharmProjects/CryptoBot/SpiderBot.py", line 767, in run_live_or_paper
    if sym not in data_feed.data or data_feed[sym].empty:
                                    ~~~~~~~~~^^^^^
TypeError: 'DataFeed' object is not subscriptable
2025-08-22 19:57:57,929 ERROR SOLUSDT: loop error: 'DataFeed' object is not subscriptable
Traceback (most recent call last):
  File "/Users/KeithNolan/PycharmProjects/CryptoBot/SpiderBot.py", line 767, in run_live_or_paper
    if sym not in data_feed.data or data_feed[sym].empty:
                                    ~~~~~~~~~^^^^^
TypeError: 'DataFeed' object is not subscriptable
2025-08-22 19:58:57,944 ERROR SOLUSDT: loop error: 'DataFeed' object is not subscriptable
Traceback (most recent call last):
  File "/Users/KeithNolan/PycharmProjects/CryptoBot/SpiderBot.py", line 767, in run_live_or_paper
    if sym not in data_feed.data or data_feed[sym].empty:
                                    ~~~~~~~~~^^^^^
TypeError: 'DataFeed' object is not subscriptable
2025-08-22 19:59:57,955 ERROR SOLUSDT: loop error: 'DataFeed' object is not subscriptable
Traceback (most recent call last):
  File "/Users/KeithNolan/PycharmProjects/CryptoBot/SpiderBot.py", line 767, in run_live_or_paper
    if sym not in data_feed.data or data_feed[sym].empty:
                                    ~~~~~~~~~^^^^^
TypeError: 'DataFeed' object is not subscriptable
2025-08-22 20:00:57,966 ERROR SOLUSDT: loop error: 'DataFeed' object is not subscriptable
Traceback (most recent call last):
  File "/Users/KeithNolan/PycharmProjects/CryptoBot/SpiderBot.py", line 767, in run_live_or_paper
    if sym not in data_feed.data or data_feed[sym].empty:
                                    ~~~~~~~~~^^^^^
TypeError: 'DataFeed' object is not subscriptable
2025-08-22 20:01:57,981 ERROR SOLUSDT: loop error: 'DataFeed' object is not subscriptable
Traceback (most recent call last):
  File "/Users/KeithNolan/PycharmProjects/CryptoBot/SpiderBot.py", line 767, in run_live_or_paper
    if sym not in data_feed.data or data_feed[sym].empty:
                                    ~~~~~~~~~^^^^^
TypeError: 'DataFeed' object is not subscriptable
2025-08-22 20:02:57,995 ERROR SOLUSDT: loop error: 'DataFeed' object is not subscriptable
Traceback (most recent call last):
  File "/Users/KeithNolan/PycharmProjects/CryptoBot/SpiderBot.py", line 767, in run_live_or_paper
    if sym not in data_feed.data or data_feed[sym].empty:
                                    ~~~~~~~~~^^^^^
TypeError: 'DataFeed' object is not subscriptable
2025-08-22 20:03:58,009 ERROR SOLUSDT: loop error: 'DataFeed' object is not subscriptable
Traceback (most recent call last):
  File "/Users/KeithNolan/PycharmProjects/CryptoBot/SpiderBot.py", line 767, in run_live_or_paper
    if sym not in data_feed.data or data_feed[sym].empty:
                                    ~~~~~~~~~^^^^^
TypeError: 'DataFeed' object is not subscriptable
2025-08-22 20:04:58,020 ERROR SOLUSDT: loop error: 'DataFeed' object is not subscriptable
Traceback (most recent call last):
  File "/Users/KeithNolan/PycharmProjects/CryptoBot/SpiderBot.py", line 767, in run_live_or_paper
    if sym not in data_feed.data or data_feed[sym].empty:
                                    ~~~~~~~~~^^^^^
TypeError: 'DataFeed' object is not subscriptable
2025-08-22 20:05:58,036 ERROR SOLUSDT: loop error: 'DataFeed' object is not subscriptable
Traceback (most recent call last):
  File "/Users/KeithNolan/PycharmProjects/CryptoBot/SpiderBot.py", line 767, in run_live_or_paper
    if sym not in data_feed.data or data_feed[sym].empty:
                                    ~~~~~~~~~^^^^^
TypeError: 'DataFeed' object is not subscriptable
2025-08-22 20:06:58,017 ERROR SOLUSDT: loop error: 'DataFeed' object is not subscriptable
Traceback (most recent call last):
  File "/Users/KeithNolan/PycharmProjects/CryptoBot/SpiderBot.py", line 767, in run_live_or_paper
    if sym not in data_feed.data or data_feed[sym].empty:
                                    ~~~~~~~~~^^^^^
TypeError: 'DataFeed' object is not subscriptable
2025-08-22 20:07:58,019 ERROR SOLUSDT: loop error: 'DataFeed' object is not subscriptable
Traceback (most recent call last):
  File "/Users/KeithNolan/PycharmProjects/CryptoBot/SpiderBot.py", line 767, in run_live_or_paper
    if sym not in data_feed.data or data_feed[sym].empty:
                                    ~~~~~~~~~^^^^^
TypeError: 'DataFeed' object is not subscriptable
2025-08-22 20:08:58,035 ERROR SOLUSDT: loop error: 'DataFeed' object is not subscriptable
Traceback (most recent call last):
  File "/Users/KeithNolan/PycharmProjects/CryptoBot/SpiderBot.py", line 767, in run_live_or_paper
    if sym not in data_feed.data or data_feed[sym].empty:
                                    ~~~~~~~~~^^^^^
TypeError: 'DataFeed' object is not subscriptable
2025-08-22 20:09:58,073 ERROR SOLUSDT: loop error: 'DataFeed' object is not subscriptable
Traceback (most recent call last):
  File "/Users/KeithNolan/PycharmProjects/CryptoBot/SpiderBot.py", line 767, in run_live_or_paper
    if sym not in data_feed.data or data_feed[sym].empty:
                                    ~~~~~~~~~^^^^^
TypeError: 'DataFeed' object is not subscriptable
2025-08-22 20:10:58,086 ERROR SOLUSDT: loop error: 'DataFeed' object is not subscriptable
Traceback (most recent call last):
  File "/Users/KeithNolan/PycharmProjects/CryptoBot/SpiderBot.py", line 767, in run_live_or_paper
    if sym not in data_feed.data or data_feed[sym].empty:
                                    ~~~~~~~~~^^^^^
TypeError: 'DataFeed' object is not subscriptable
2025-08-22 20:11:58,096 ERROR SOLUSDT: loop error: 'DataFeed' object is not subscriptable
Traceback (most recent call last):
  File "/Users/KeithNolan/PycharmProjects/CryptoBot/SpiderBot.py", line 767, in run_live_or_paper
    if sym not in data_feed.data or data_feed[sym].empty:
                                    ~~~~~~~~~^^^^^
TypeError: 'DataFeed' object is not subscriptable
2025-08-22 20:12:58,117 ERROR SOLUSDT: loop error: 'DataFeed' object is not subscriptable
Traceback (most recent call last):
  File "/Users/KeithNolan/PycharmProjects/CryptoBot/SpiderBot.py", line 767, in run_live_or_paper
TypeError: 'DataFeed' object is not subscriptable
2025-08-22 20:14:26,363 DEBUG Using selector: KqueueSelector
2025-08-22 20:14:26,413 DEBUG Starting new HTTPS connection (1): testnet.binance.vision:443
2025-08-22 20:14:26,841 DEBUG https://testnet.binance.vision:443 "GET /api/v3/ping HTTP/1.1" 200 2
2025-08-22 20:14:27,112 DEBUG https://testnet.binance.vision:443 "GET /api/v3/ticker/24hr HTTP/1.1" 200 145813
2025-08-22 20:14:27,823 DEBUG https://testnet.binance.vision:443 "GET /api/v3/exchangeInfo HTTP/1.1" 200 54479
2025-08-22 20:14:28,140 DEBUG https://testnet.binance.vision:443 "GET /api/v3/klines?interval=1m&limit=1&symbol=BTCUSDT HTTP/1.1" 200 165
2025-08-22 20:14:28,436 DEBUG https://testnet.binance.vision:443 "GET /api/v3/exchangeInfo HTTP/1.1" 200 54477
2025-08-22 20:14:29,176 DEBUG https://testnet.binance.vision:443 "GET /api/v3/klines?interval=1m&limit=1&symbol=SOLUSDT HTTP/1.1" 200 151
2025-08-22 20:14:29,179 INFO Auto-selected symbols: ['SOLUSDT']
2025-08-22 20:14:29,444 DEBUG https://testnet.binance.vision:443 "GET /api/v3/klines?interval=5m&limit=1&symbol=SOLUSDT HTTP/1.1" 200 162
2025-08-22 20:14:30,015 DEBUG https://testnet.binance.vision:443 "GET /api/v3/klines?interval=5m&limit=500&symbol=SOLUSDT HTTP/1.1" 200 22080
2025-08-22 20:14:30,266 DEBUG https://testnet.binance.vision:443 "GET /api/v3/klines?interval=5m&limit=1&symbol=SOLUSDT HTTP/1.1" 200 162
2025-08-22 20:14:31,183 DEBUG https://testnet.binance.vision:443 "GET /api/v3/ticker/24hr HTTP/1.1" 200 145858
2025-08-22 20:14:31,880 DEBUG https://testnet.binance.vision:443 "GET /api/v3/klines?interval=1m&limit=1&symbol=BTCUSDT HTTP/1.1" 200 166
2025-08-22 20:14:32,142 DEBUG https://testnet.binance.vision:443 "GET /api/v3/klines?interval=1m&limit=1&symbol=SOLUSDT HTTP/1.1" 200 151
2025-08-22 20:14:32,144 INFO Auto-selected symbols: ['SOLUSDT']
2025-08-22 20:14:32,407 DEBUG https://testnet.binance.vision:443 "GET /api/v3/klines?endTime=1755886472144&interval=5m&limit=1000&startTime=1755800072144&symbol=SOLUSDT HTTP/1.1" 200 12721
2025-08-22 20:14:32,422 INFO Initialized WebSocket data for SOLUSDT (with history)
2025-08-22 20:14:33,116 DEBUG https://testnet.binance.vision:443 "GET /api/v3/account?recvWindow=10000&timestamp=1755890072422&signature=ee2ef598a921557233ebc9d76acf3ddcac7d19fc0fbb6e7b6181ac3c7642eba3 HTTP/1.1" 200 3120
2025-08-22 20:14:34,707 INFO Sent email alert: TradeBot Pro Started
2025-08-22 20:14:34,715 DEBUG Placing test order: symbol=SOLUSDT, side=BUY, qty=0.051
2025-08-22 20:14:35,134 DEBUG https://testnet.binance.vision:443 "POST /api/v3/order/test HTTP/1.1" 200 2
2025-08-22 20:14:35,135 INFO Test order ok.
2025-08-22 20:14:35,386 DEBUG https://testnet.binance.vision:443 "POST /api/v3/order/test HTTP/1.1" 400 47
2025-08-22 20:14:35,387 WARNING BinanceAPIException (attempt 1): APIError(code=-1013): Filter failure: NOTIONAL
2025-08-22 20:14:36,680 DEBUG https://testnet.binance.vision:443 "POST /api/v3/order/test HTTP/1.1" 400 47
2025-08-22 20:14:36,681 WARNING BinanceAPIException (attempt 2): APIError(code=-1013): Filter failure: NOTIONAL
2025-08-22 20:14:39,814 DEBUG https://testnet.binance.vision:443 "POST /api/v3/order/test HTTP/1.1" 400 47
2025-08-22 20:14:39,814 WARNING BinanceAPIException (attempt 3): APIError(code=-1013): Filter failure: NOTIONAL
2025-08-22 20:14:44,377 DEBUG https://testnet.binance.vision:443 "POST /api/v3/order/test HTTP/1.1" 400 47
2025-08-22 20:14:44,380 WARNING BinanceAPIException (attempt 4): APIError(code=-1013): Filter failure: NOTIONAL
2025-08-22 20:14:53,115 DEBUG https://testnet.binance.vision:443 "POST /api/v3/order/test HTTP/1.1" 400 47
2025-08-22 20:14:53,117 WARNING BinanceAPIException (attempt 5): APIError(code=-1013): Filter failure: NOTIONAL
2025-08-22 20:15:09,832 DEBUG https://testnet.binance.vision:443 "POST /api/v3/order/test HTTP/1.1" 400 47
2025-08-22 20:15:09,843 WARNING BinanceAPIException (attempt 6): APIError(code=-1013): Filter failure: NOTIONAL
2025-08-22 20:15:09,844 ERROR Dry-run internal test order failed: APIError(code=-1013): Filter failure: NOTIONAL
2025-08-22 20:15:49,744 ERROR WebSocket error: [Errno 60] Operation timed out
2025-08-22 20:15:49,745 ERROR [Errno 60] Operation timed out - goodbye
2025-08-22 20:19:21,870 DEBUG Using selector: KqueueSelector
2025-08-22 20:19:21,929 DEBUG Starting new HTTPS connection (1): testnet.binance.vision:443
2025-08-22 20:19:22,267 DEBUG https://testnet.binance.vision:443 "GET /api/v3/ping HTTP/1.1" 200 2
2025-08-22 20:19:22,538 DEBUG https://testnet.binance.vision:443 "GET /api/v3/ticker/24hr HTTP/1.1" 200 146022
2025-08-22 20:19:22,935 DEBUG https://testnet.binance.vision:443 "GET /api/v3/exchangeInfo HTTP/1.1" 200 54477
2025-08-22 20:19:23,488 DEBUG https://testnet.binance.vision:443 "GET /api/v3/klines?interval=1m&limit=1&symbol=BTCUSDT HTTP/1.1" 200 165
2025-08-22 20:19:23,779 DEBUG https://testnet.binance.vision:443 "GET /api/v3/exchangeInfo HTTP/1.1" 200 54477
2025-08-22 20:19:24,295 DEBUG https://testnet.binance.vision:443 "GET /api/v3/klines?interval=1m&limit=1&symbol=SOLUSDT HTTP/1.1" 200 160
2025-08-22 20:19:24,299 INFO Auto-selected symbols: ['SOLUSDT']
2025-08-22 20:19:24,588 DEBUG https://testnet.binance.vision:443 "GET /api/v3/klines?interval=5m&limit=1&symbol=SOLUSDT HTTP/1.1" 200 163
2025-08-22 20:19:25,474 DEBUG https://testnet.binance.vision:443 "GET /api/v3/klines?interval=5m&limit=500&symbol=SOLUSDT HTTP/1.1" 200 22077
2025-08-22 20:19:25,744 DEBUG https://testnet.binance.vision:443 "GET /api/v3/klines?interval=5m&limit=1&symbol=SOLUSDT HTTP/1.1" 200 163
2025-08-22 20:19:26,018 DEBUG https://testnet.binance.vision:443 "GET /api/v3/ticker/24hr HTTP/1.1" 200 145935
2025-08-22 20:19:26,771 DEBUG https://testnet.binance.vision:443 "GET /api/v3/klines?interval=1m&limit=1&symbol=BTCUSDT HTTP/1.1" 200 165
2025-08-22 20:19:27,438 DEBUG https://testnet.binance.vision:443 "GET /api/v3/klines?interval=1m&limit=1&symbol=SOLUSDT HTTP/1.1" 200 160
2025-08-22 20:19:27,440 INFO Auto-selected symbols: ['SOLUSDT']
2025-08-22 20:19:27,779 DEBUG https://testnet.binance.vision:443 "GET /api/v3/klines?endTime=1755886767440&interval=5m&limit=1000&startTime=1755800367440&symbol=SOLUSDT HTTP/1.1" 200 12725
2025-08-22 20:19:27,796 INFO Initialized WebSocket data for SOLUSDT (with history)
2025-08-22 20:19:28,039 DEBUG https://testnet.binance.vision:443 "GET /api/v3/account?recvWindow=10000&timestamp=1755890367796&signature=720ac3c1e8c33ebf1d1aa272f954ab3f8865a1435ea590c574ee797d6eb0d4f0 HTTP/1.1" 200 3120
2025-08-22 20:19:29,512 INFO Sent email alert: TradeBot Pro Started
2025-08-22 20:19:29,519 DEBUG Placing test order: symbol=SOLUSDT, side=BUY, qty=0.051
2025-08-22 20:19:29,761 DEBUG https://testnet.binance.vision:443 "POST /api/v3/order/test HTTP/1.1" 200 2
2025-08-22 20:19:29,762 INFO Test order ok.
2025-08-22 20:19:30,006 DEBUG https://testnet.binance.vision:443 "POST /api/v3/order/test HTTP/1.1" 200 2
2025-08-22 20:19:30,008 INFO Dry-run internal test order placed successfully.
2025-08-22 20:20:44,552 ERROR WebSocket error: [Errno 60] Operation timed out
2025-08-22 20:20:44,553 ERROR [Errno 60] Operation timed out - goodbye
2025-08-22 20:29:50,079 DEBUG Using selector: KqueueSelector
2025-08-22 20:29:50,126 DEBUG Starting new HTTPS connection (1): testnet.binance.vision:443
2025-08-22 20:29:50,515 DEBUG https://testnet.binance.vision:443 "GET /api/v3/ping HTTP/1.1" 200 2
2025-08-22 20:29:50,998 DEBUG https://testnet.binance.vision:443 "GET /api/v3/ticker/24hr HTTP/1.1" 200 145926
2025-08-22 20:29:51,755 DEBUG https://testnet.binance.vision:443 "GET /api/v3/exchangeInfo HTTP/1.1" 200 54477
2025-08-22 20:29:52,255 DEBUG https://testnet.binance.vision:443 "GET /api/v3/klines?interval=1m&limit=1&symbol=BTCUSDT HTTP/1.1" 200 168
2025-08-22 20:29:52,526 DEBUG https://testnet.binance.vision:443 "GET /api/v3/exchangeInfo HTTP/1.1" 200 54478
2025-08-22 20:29:52,839 DEBUG https://testnet.binance.vision:443 "GET /api/v3/klines?interval=1m&limit=1&symbol=SOLUSDT HTTP/1.1" 200 162
2025-08-22 20:29:52,842 INFO Auto-selected symbols: ['SOLUSDT']
2025-08-22 20:29:53,109 DEBUG https://testnet.binance.vision:443 "GET /api/v3/klines?interval=5m&limit=1&symbol=SOLUSDT HTTP/1.1" 200 167
2025-08-22 20:29:53,368 DEBUG https://testnet.binance.vision:443 "GET /api/v3/klines?interval=5m&limit=500&symbol=SOLUSDT HTTP/1.1" 200 22078
2025-08-22 20:29:54,070 DEBUG https://testnet.binance.vision:443 "GET /api/v3/klines?interval=5m&limit=1&symbol=SOLUSDT HTTP/1.1" 200 167
2025-08-22 20:29:54,566 DEBUG https://testnet.binance.vision:443 "GET /api/v3/ticker/24hr HTTP/1.1" 200 145982
2025-08-22 20:29:55,695 DEBUG https://testnet.binance.vision:443 "GET /api/v3/klines?interval=1m&limit=1&symbol=BTCUSDT HTTP/1.1" 200 168
2025-08-22 20:29:55,973 DEBUG https://testnet.binance.vision:443 "GET /api/v3/klines?interval=1m&limit=1&symbol=SOLUSDT HTTP/1.1" 200 162
2025-08-22 20:29:55,974 INFO Auto-selected symbols: ['SOLUSDT']
2025-08-22 20:29:56,237 DEBUG https://testnet.binance.vision:443 "GET /api/v3/klines?endTime=1755887395975&interval=5m&limit=1000&startTime=1755800995975&symbol=SOLUSDT HTTP/1.1" 200 12736
2025-08-22 20:29:56,500 DEBUG https://testnet.binance.vision:443 "GET /api/v3/account?recvWindow=10000&timestamp=1755890996248&signature=3246c9ba6a1f10b63d8c4b48526e14cface4fbef8c3e2e9a6404618cbe1df78a HTTP/1.1" 200 3120
2025-08-22 20:29:57,847 INFO Sent email alert: TradeBot Pro Started
2025-08-22 20:29:57,853 DEBUG Placing test order: symbol=SOLUSDT, side=BUY, qty=0.050
2025-08-22 20:29:58,167 DEBUG https://testnet.binance.vision:443 "POST /api/v3/order/test HTTP/1.1" 200 2
2025-08-22 20:29:58,167 INFO Test order ok.
2025-08-22 20:29:58,445 DEBUG https://testnet.binance.vision:443 "POST /api/v3/order/test HTTP/1.1" 200 2
2025-08-22 20:29:58,446 INFO Dry-run internal test order placed successfully.
2025-08-22 20:29:58,722 DEBUG https://testnet.binance.vision:443 "GET /api/v3/account?recvWindow=10000&timestamp=1755890998476&signature=515f5517ea492a99c8b65e62ebcbc2b3e41b00a6217d49e59b50b0a7ae1f9030 HTTP/1.1" 200 3120
2025-08-22 20:29:58,724 DEBUG Placing order: symbol=SOLUSDT, side=SELL, qty=0.82000000
2025-08-22 20:29:59,019 DEBUG https://testnet.binance.vision:443 "POST /api/v3/order/test HTTP/1.1" 200 2
2025-08-22 20:29:59,020 INFO {"event": "enter", "symbol": "SOLUSDT", "side": "SELL", "qty": 0.821, "price": 196.39, "stop": 197.63, "take": 192.67, "resp": "{'status': 'TEST_ORDER_ACCEPTED', 'clientOrderId': 'tbpro-d60a045bc3ad46959d4b', 'symbol': 'SOLUSDT', 'side': 'SELL', 'type': 'MARKET', 'executedQty': '0.82000000'}"}
2025-08-22 20:30:00,262 INFO Sent email alert: Trade Entry: SOLUSDT
2025-08-22 20:37:57,762 INFO Auto-selected symbols: ['SOLUSDT']
2025-08-22 20:38:00,443 INFO Sent email alert: TradeBot Pro Started
2025-08-22 20:38:01,420 INFO Test order ok.
2025-08-22 20:38:01,712 INFO Dry-run internal test order placed successfully.
2025-08-22 20:38:02,271 INFO {"Event": "Trade Entry", "Symbol": "SOLUSDT", "Side": "SELL", "Quantity": 0.808, "Entry Price": 196.7, "Stop Loss": 197.95714285714286, "Take Profit": 192.92857142857142, "ATR": 0.6285714285714273, "RSI": 39.4736842105262, "VWAP": 182.36076094034087, "Stoch_RSI_K": 16.353635003323603, "Stoch_RSI_D": 15.04392978059586, "Vol_Osc": -6.530591684041452, "Order ID": "tbpro-eacda773eeb7477d9b6a", "Timestamp": "2025-08-22T19:38:01.712896+00:00"}
2025-08-22 20:38:03,620 INFO Sent email alert: Trade Entry: SOLUSDT
2025-08-22 20:38:45,739 INFO Auto-selected symbols: ['SOLUSDT']
2025-08-22 20:38:48,593 INFO Sent email alert: TradeBot Pro Started
2025-08-22 20:38:49,761 INFO Test order ok.
2025-08-22 20:38:50,475 INFO Dry-run internal test order placed successfully.
2025-08-22 20:38:51,500 INFO {"Event": "Trade Entry", "Symbol": "SOLUSDT", "Side": "SELL", "Quantity": 0.808, "Entry Price": 196.7, "Stop Loss": 197.95714285714286, "Take Profit": 192.92857142857142, "ATR": 0.6285714285714273, "RSI": 39.4736842105262, "VWAP": 182.36076094034087, "Stoch_RSI_K": 16.353635003323603, "Stoch_RSI_D": 15.04392978059586, "Vol_Osc": -6.530591684041452, "Order ID": "tbpro-03a5c0347b5243a6a39a", "Timestamp": "2025-08-22T19:38:50.476041+00:00"}
2025-08-22 20:38:52,653 INFO Sent email alert: Trade Entry: SOLUSDT
2025-08-22 20:40:03,644 ERROR [Errno 60] Operation timed out - goodbye
2025-08-22 20:41:19,664 ERROR [Errno 60] Operation timed out - goodbye
2025-08-22 20:42:36,681 ERROR [Errno 60] Operation timed out - goodbye
2025-08-22 20:43:55,732 ERROR [Errno 60] Operation timed out - goodbye
2025-08-22 20:45:18,813 ERROR [Errno 60] Operation timed out - goodbye
2025-08-22 20:46:49,867 ERROR [Errno 60] Operation timed out - goodbye
2025-08-22 20:48:36,931 ERROR [Errno 60] Operation timed out - goodbye
2025-08-22 20:50:51,972 ERROR [Errno 60] Operation timed out - goodbye
2025-08-22 20:53:07,024 ERROR [Errno 60] Operation timed out - goodbye
2025-08-22 20:55:22,080 ERROR [Errno 60] Operation timed out - goodbye
2025-08-22 20:57:48,199 INFO Auto-selected symbols: ['SOLUSDT']
2025-08-22 20:57:50,754 INFO Sent email alert: TradeBot Pro Started
2025-08-22 20:57:51,899 INFO Websocket connected
2025-08-22 20:57:51,932 INFO Test order ok.
2025-08-22 20:57:52,187 INFO Dry-run internal test order placed successfully.
2025-08-22 21:04:41,345 INFO Auto-selected symbols: ['SOLUSDT']
2025-08-22 21:04:45,076 INFO Sent email alert: TradeBot Pro Started
2025-08-22 21:04:45,819 INFO Test order ok.
2025-08-22 21:04:46,071 INFO Dry-run internal test order placed successfully.
2025-08-22 21:04:46,159 INFO Websocket connected
